<?xml version="1.0" ?>
<coverage branch-rate="0.06816" branches-covered="70" branches-valid="1027" complexity="0" line-rate="0.1229" lines-covered="363" lines-valid="2954" timestamp="1605274933458" version="5.0.3">
	<!-- Generated by coverage.py: https://coverage.readthedocs.io -->
	<!-- Based on https://raw.githubusercontent.com/cobertura/web/master/htdocs/xml/coverage-04.dtd -->
	<sources>
		<source>/home/nico/GraphProt/graphprot</source>
	</sources>
	<packages>
		<package branch-rate="0.1306" complexity="0" line-rate="0.2418" name=".">
			<classes>
				<class branch-rate="0.5349" complexity="0" filename="DataSet.py" line-rate="0.6847" name="DataSet.py">
					<methods/>
					<lines>
						<line hits="1" number="1"/>
						<line hits="1" number="2"/>
						<line hits="1" number="3"/>
						<line hits="1" number="4"/>
						<line hits="1" number="5"/>
						<line hits="1" number="6"/>
						<line hits="1" number="7"/>
						<line hits="1" number="8"/>
						<line hits="1" number="9"/>
						<line hits="1" number="11"/>
						<line hits="1" number="14"/>
						<line hits="1" number="16"/>
						<line hits="1" number="17"/>
						<line branch="true" condition-coverage="50% (1/2)" hits="1" missing-branches="22" number="19"/>
						<line hits="1" number="20"/>
						<line hits="1" number="22"/>
						<line hits="1" number="23"/>
						<line hits="1" number="25"/>
						<line branch="true" condition-coverage="100% (2/2)" hits="1" number="26"/>
						<line hits="1" number="29"/>
						<line branch="true" condition-coverage="100% (2/2)" hits="1" number="30"/>
						<line hits="1" number="33"/>
						<line hits="1" number="36"/>
						<line branch="true" condition-coverage="0% (0/2)" hits="0" missing-branches="exit,40" number="38"/>
						<line hits="0" number="40"/>
						<line branch="true" condition-coverage="0% (0/2)" hits="0" missing-branches="43,49" number="42"/>
						<line hits="0" number="43"/>
						<line branch="true" condition-coverage="0% (0/2)" hits="0" missing-branches="45,46" number="44"/>
						<line hits="0" number="45"/>
						<line hits="0" number="46"/>
						<line hits="0" number="47"/>
						<line hits="0" number="49"/>
						<line hits="0" number="50"/>
						<line hits="0" number="52"/>
						<line branch="true" condition-coverage="0% (0/2)" hits="0" missing-branches="55,59" number="54"/>
						<line hits="0" number="55"/>
						<line hits="0" number="57"/>
						<line hits="0" number="59"/>
						<line hits="0" number="61"/>
						<line hits="0" number="63"/>
						<line hits="0" number="65"/>
						<line hits="0" number="67"/>
						<line hits="0" number="69"/>
						<line hits="0" number="71"/>
						<line hits="1" number="74"/>
						<line branch="true" condition-coverage="100% (2/2)" hits="1" number="76"/>
						<line hits="1" number="81"/>
						<line hits="1" number="84"/>
						<line branch="true" condition-coverage="50% (1/2)" hits="1" missing-branches="88" number="85"/>
						<line hits="1" number="86"/>
						<line hits="1" number="88"/>
						<line hits="1" number="89"/>
						<line hits="1" number="90"/>
						<line hits="1" number="91"/>
						<line hits="1" number="92"/>
						<line hits="1" number="93"/>
						<line hits="1" number="95"/>
						<line hits="1" number="97"/>
						<line hits="1" number="100"/>
						<line hits="1" number="103"/>
						<line hits="1" number="104"/>
						<line hits="1" number="109"/>
						<line hits="1" number="111"/>
						<line hits="1" number="116"/>
						<line hits="1" number="118"/>
						<line hits="0" number="119"/>
						<line hits="1" number="121"/>
						<line hits="0" number="122"/>
						<line hits="1" number="124"/>
						<line hits="1" number="132"/>
						<line hits="1" number="133"/>
						<line hits="1" number="134"/>
						<line hits="1" number="136"/>
						<line hits="1" number="139"/>
						<line hits="1" number="140"/>
						<line branch="true" condition-coverage="100% (2/2)" hits="1" number="141"/>
						<line hits="1" number="142"/>
						<line hits="1" number="143"/>
						<line hits="1" number="144"/>
						<line branch="true" condition-coverage="50% (1/2)" hits="1" missing-branches="146" number="145"/>
						<line hits="0" number="146"/>
						<line hits="0" number="147"/>
						<line hits="1" number="148"/>
						<line hits="0" number="149"/>
						<line hits="0" number="150"/>
						<line hits="0" number="151"/>
						<line hits="0" number="152"/>
						<line branch="true" condition-coverage="50% (1/2)" hits="1" missing-branches="155" number="154"/>
						<line hits="0" number="155"/>
						<line hits="1" number="157"/>
						<line hits="1" number="159"/>
						<line hits="1" number="160"/>
						<line hits="1" number="161"/>
						<line hits="1" number="163"/>
						<line branch="true" condition-coverage="50% (1/2)" hits="1" missing-branches="166" number="165"/>
						<line hits="0" number="166"/>
						<line branch="true" condition-coverage="100% (2/2)" hits="1" number="168"/>
						<line branch="true" condition-coverage="50% (1/2)" hits="1" missing-branches="170" number="169"/>
						<line hits="0" number="170"/>
						<line hits="0" number="172"/>
						<line hits="0" number="173"/>
						<line hits="0" number="175"/>
						<line hits="1" number="177"/>
						<line hits="1" number="179"/>
						<line hits="1" number="180"/>
						<line hits="1" number="181"/>
						<line hits="1" number="183"/>
						<line branch="true" condition-coverage="50% (1/2)" hits="1" missing-branches="186" number="185"/>
						<line hits="0" number="186"/>
						<line branch="true" condition-coverage="50% (1/2)" hits="1" missing-branches="exit" number="187"/>
						<line branch="true" condition-coverage="100% (2/2)" hits="1" number="188"/>
						<line branch="true" condition-coverage="50% (1/2)" hits="1" missing-branches="190" number="189"/>
						<line hits="0" number="190"/>
						<line hits="0" number="192"/>
						<line hits="0" number="193"/>
						<line hits="0" number="195"/>
						<line hits="1" number="197"/>
						<line hits="1" number="201"/>
						<line hits="1" number="202"/>
						<line hits="1" number="205"/>
						<line hits="1" number="206"/>
						<line branch="true" condition-coverage="100% (2/2)" hits="1" number="207"/>
						<line hits="1" number="208"/>
						<line branch="true" condition-coverage="100% (2/2)" hits="1" number="209"/>
						<line hits="1" number="210"/>
						<line hits="1" number="211"/>
						<line hits="1" number="212"/>
						<line hits="0" number="214"/>
						<line hits="0" number="215"/>
						<line hits="0" number="217"/>
						<line hits="0" number="218"/>
						<line hits="1" number="221"/>
						<line hits="1" number="222"/>
						<line hits="1" number="223"/>
						<line hits="1" number="226"/>
						<line branch="true" condition-coverage="50% (1/2)" hits="1" missing-branches="240" number="227"/>
						<line branch="true" condition-coverage="100% (2/2)" hits="1" number="228"/>
						<line hits="1" number="229"/>
						<line branch="true" condition-coverage="50% (1/2)" hits="1" missing-branches="232" number="230"/>
						<line hits="1" number="231"/>
						<line hits="1" number="232"/>
						<line hits="1" number="233"/>
						<line hits="1" number="234"/>
						<line hits="1" number="235"/>
						<line hits="1" number="236"/>
						<line hits="0" number="240"/>
						<line hits="1" number="243"/>
						<line hits="1" number="244"/>
						<line hits="1" number="245"/>
						<line hits="1" number="249"/>
						<line branch="true" condition-coverage="50% (1/2)" hits="1" missing-branches="263" number="250"/>
						<line branch="true" condition-coverage="100% (2/2)" hits="1" number="251"/>
						<line hits="1" number="252"/>
						<line branch="true" condition-coverage="50% (1/2)" hits="1" missing-branches="255" number="253"/>
						<line hits="1" number="254"/>
						<line hits="1" number="255"/>
						<line hits="1" number="256"/>
						<line hits="1" number="257"/>
						<line hits="1" number="258"/>
						<line hits="1" number="259"/>
						<line hits="0" number="263"/>
						<line branch="true" condition-coverage="50% (1/2)" hits="1" missing-branches="267" number="266"/>
						<line hits="0" number="267"/>
						<line hits="1" number="269"/>
						<line hits="1" number="273"/>
						<line hits="1" number="277"/>
						<line hits="1" number="283"/>
						<line hits="1" number="284"/>
						<line branch="true" condition-coverage="50% (1/2)" hits="1" missing-branches="302" number="287"/>
						<line branch="true" condition-coverage="50% (1/2)" hits="1" missing-branches="300" number="288"/>
						<line branch="true" condition-coverage="50% (1/2)" hits="1" missing-branches="298" number="289"/>
						<line hits="1" number="293"/>
						<line hits="1" number="295"/>
						<line hits="0" number="298"/>
						<line hits="0" number="300"/>
						<line hits="0" number="302"/>
						<line hits="1" number="304"/>
						<line hits="1" number="305"/>
						<line hits="1" number="307"/>
						<line hits="1" number="312"/>
						<line hits="1" number="314"/>
						<line hits="1" number="316"/>
						<line branch="true" condition-coverage="50% (1/2)" hits="1" missing-branches="321" number="317"/>
						<line hits="1" number="318"/>
						<line hits="0" number="321"/>
						<line hits="0" number="322"/>
						<line hits="1" number="323"/>
						<line branch="true" condition-coverage="100% (2/2)" hits="1" number="325"/>
						<line branch="true" condition-coverage="50% (1/2)" hits="1" missing-branches="328" number="326"/>
						<line hits="1" number="327"/>
						<line hits="1" number="328"/>
						<line hits="1" number="329"/>
						<line branch="true" condition-coverage="50% (1/2)" hits="1" missing-branches="333" number="330"/>
						<line hits="1" number="331"/>
						<line branch="true" condition-coverage="0% (0/2)" hits="0" missing-branches="exit,335" number="333"/>
						<line branch="true" condition-coverage="100% (2/2)" hits="1" number="335"/>
						<line branch="true" condition-coverage="50% (1/2)" hits="1" missing-branches="335" number="336"/>
						<line hits="1" number="337"/>
						<line hits="1" number="338"/>
						<line hits="0" number="339"/>
						<line hits="0" number="340"/>
						<line hits="0" number="341"/>
						<line hits="1" number="343"/>
						<line hits="1" number="344"/>
						<line hits="1" number="345"/>
						<line hits="1" number="347"/>
						<line branch="true" condition-coverage="50% (1/2)" hits="1" missing-branches="361" number="358"/>
						<line hits="1" number="359"/>
						<line branch="true" condition-coverage="0% (0/2)" hits="0" missing-branches="363,382" number="361"/>
						<line hits="0" number="363"/>
						<line hits="0" number="364"/>
						<line hits="0" number="365"/>
						<line hits="0" number="366"/>
						<line branch="true" condition-coverage="0% (0/2)" hits="0" missing-branches="372,379" number="370"/>
						<line hits="0" number="372"/>
						<line hits="0" number="373"/>
						<line branch="true" condition-coverage="0% (0/2)" hits="0" missing-branches="375,376" number="374"/>
						<line hits="0" number="375"/>
						<line branch="true" condition-coverage="0% (0/2)" hits="0" missing-branches="361,377" number="376"/>
						<line hits="0" number="377"/>
						<line hits="0" number="379"/>
						<line hits="0" number="382"/>
					</lines>
				</class>
				<class branch-rate="0" complexity="0" filename="FeatureClass.py" line-rate="0" name="FeatureClass.py">
					<methods/>
					<lines>
						<line hits="0" number="1"/>
						<line hits="0" number="4"/>
						<line hits="0" number="6"/>
						<line hits="0" number="36"/>
						<line hits="0" number="37"/>
						<line hits="0" number="38"/>
						<line hits="0" number="40"/>
						<line branch="true" condition-coverage="0% (0/2)" hits="0" missing-branches="exit,56" number="54"/>
						<line hits="0" number="56"/>
						<line branch="true" condition-coverage="0% (0/2)" hits="0" missing-branches="60,81" number="57"/>
						<line branch="true" condition-coverage="0% (0/2)" hits="0" missing-branches="63,67" number="60"/>
						<line hits="0" number="63"/>
						<line branch="true" condition-coverage="0% (0/2)" hits="0" missing-branches="70,75" number="67"/>
						<line hits="0" number="70"/>
						<line branch="true" condition-coverage="0% (0/2)" hits="0" missing-branches="76,79" number="75"/>
						<line hits="0" number="76"/>
						<line hits="0" number="79"/>
						<line branch="true" condition-coverage="0% (0/2)" hits="0" missing-branches="82,84" number="81"/>
						<line hits="0" number="82"/>
						<line hits="0" number="84"/>
						<line branch="true" condition-coverage="0% (0/2)" hits="0" missing-branches="88,91" number="87"/>
						<line hits="0" number="88"/>
						<line hits="0" number="89"/>
						<line hits="0" number="91"/>
						<line hits="0" number="93"/>
						<line branch="true" condition-coverage="0% (0/2)" hits="0" missing-branches="exit,104" number="101"/>
						<line branch="true" condition-coverage="0% (0/2)" hits="0" missing-branches="exit,108" number="104"/>
						<line branch="true" condition-coverage="0% (0/2)" hits="0" missing-branches="109,112" number="108"/>
						<line hits="0" number="109"/>
						<line hits="0" number="110"/>
						<line hits="0" number="112"/>
						<line hits="0" number="114"/>
						<line hits="0" number="115"/>
						<line branch="true" condition-coverage="0% (0/2)" hits="0" missing-branches="135,142" number="134"/>
						<line branch="true" condition-coverage="0% (0/2)" hits="0" missing-branches="exit,137" number="135"/>
						<line hits="0" number="137"/>
						<line branch="true" condition-coverage="0% (0/2)" hits="0" missing-branches="143,146" number="142"/>
						<line hits="0" number="143"/>
						<line branch="true" condition-coverage="0% (0/2)" hits="0" missing-branches="147,149" number="146"/>
						<line hits="0" number="147"/>
						<line hits="0" number="149"/>
						<line branch="true" condition-coverage="0% (0/2)" hits="0" missing-branches="153,182" number="151"/>
						<line branch="true" condition-coverage="0% (0/2)" hits="0" missing-branches="151,155" number="153"/>
						<line branch="true" condition-coverage="0% (0/2)" hits="0" missing-branches="157,163" number="155"/>
						<line hits="0" number="157"/>
						<line branch="true" condition-coverage="0% (0/2)" hits="0" missing-branches="164,170" number="163"/>
						<line hits="0" number="164"/>
						<line hits="0" number="170"/>
						<line branch="true" condition-coverage="0% (0/2)" hits="0" missing-branches="173,175" number="172"/>
						<line hits="0" number="173"/>
						<line branch="true" condition-coverage="0% (0/2)" hits="0" missing-branches="176,180" number="175"/>
						<line hits="0" number="176"/>
						<line hits="0" number="177"/>
						<line hits="0" number="180"/>
						<line branch="true" condition-coverage="0% (0/2)" hits="0" missing-branches="183,185" number="182"/>
						<line hits="0" number="183"/>
						<line hits="0" number="185"/>
					</lines>
				</class>
				<class branch-rate="0" complexity="0" filename="Graph.py" line-rate="0" name="Graph.py">
					<methods/>
					<lines>
						<line hits="0" number="1"/>
						<line hits="0" number="2"/>
						<line hits="0" number="3"/>
						<line hits="0" number="4"/>
						<line hits="0" number="5"/>
						<line hits="0" number="6"/>
						<line hits="0" number="7"/>
						<line hits="0" number="8"/>
						<line hits="0" number="9"/>
						<line hits="0" number="10"/>
						<line hits="0" number="13"/>
						<line hits="0" number="15"/>
						<line hits="0" number="17"/>
						<line hits="0" number="18"/>
						<line hits="0" number="19"/>
						<line hits="0" number="20"/>
						<line hits="0" number="23"/>
						<line hits="0" number="25"/>
						<line hits="0" number="26"/>
						<line hits="0" number="28"/>
						<line hits="0" number="30"/>
						<line hits="0" number="32"/>
						<line hits="0" number="33"/>
						<line hits="0" number="35"/>
						<line hits="0" number="37"/>
						<line hits="0" number="40"/>
						<line hits="0" number="43"/>
						<line hits="0" number="44"/>
						<line hits="0" number="47"/>
						<line hits="0" number="48"/>
						<line branch="true" condition-coverage="0% (0/2)" hits="0" missing-branches="50,54" number="49"/>
						<line branch="true" condition-coverage="0% (0/2)" hits="0" missing-branches="exit,52" number="50"/>
						<line hits="0" number="52"/>
						<line hits="0" number="54"/>
						<line hits="0" number="55"/>
						<line hits="0" number="57"/>
						<line hits="0" number="58"/>
						<line branch="true" condition-coverage="0% (0/2)" hits="0" missing-branches="60,63" number="59"/>
						<line hits="0" number="60"/>
						<line hits="0" number="61"/>
						<line hits="0" number="63"/>
						<line branch="true" condition-coverage="0% (0/2)" hits="0" missing-branches="67,86" number="65"/>
						<line hits="0" number="67"/>
						<line hits="0" number="68"/>
						<line branch="true" condition-coverage="0% (0/2)" hits="0" missing-branches="71,77" number="70"/>
						<line hits="0" number="71"/>
						<line hits="0" number="72"/>
						<line branch="true" condition-coverage="0% (0/2)" hits="0" missing-branches="65,75" number="74"/>
						<line hits="0" number="75"/>
						<line branch="true" condition-coverage="0% (0/2)" hits="0" missing-branches="65,78" number="77"/>
						<line hits="0" number="78"/>
						<line hits="0" number="79"/>
						<line branch="true" condition-coverage="0% (0/2)" hits="0" missing-branches="65,82" number="81"/>
						<line hits="0" number="82"/>
						<line hits="0" number="86"/>
						<line hits="0" number="87"/>
						<line hits="0" number="89"/>
						<line hits="0" number="90"/>
						<line hits="0" number="93"/>
						<line hits="0" number="94"/>
						<line hits="0" number="98"/>
						<line hits="0" number="99"/>
						<line branch="true" condition-coverage="0% (0/2)" hits="0" missing-branches="103,108" number="102"/>
						<line hits="0" number="103"/>
						<line hits="0" number="104"/>
						<line hits="0" number="108"/>
						<line branch="true" condition-coverage="0% (0/2)" hits="0" missing-branches="exit,110" number="109"/>
						<line branch="true" condition-coverage="0% (0/2)" hits="0" missing-branches="109,111" number="110"/>
						<line hits="0" number="111"/>
						<line hits="0" number="113"/>
						<line branch="true" condition-coverage="0% (0/2)" hits="0" missing-branches="117,123" number="115"/>
						<line hits="0" number="117"/>
						<line hits="0" number="118"/>
						<line hits="0" number="119"/>
						<line hits="0" number="120"/>
						<line hits="0" number="123"/>
						<line hits="0" number="124"/>
						<line hits="0" number="127"/>
						<line hits="0" number="130"/>
						<line branch="true" condition-coverage="0% (0/2)" hits="0" missing-branches="exit,134" number="131"/>
						<line hits="0" number="134"/>
						<line hits="0" number="135"/>
						<line branch="true" condition-coverage="0% (0/2)" hits="0" missing-branches="137,140" number="136"/>
						<line hits="0" number="137"/>
						<line branch="true" condition-coverage="0% (0/2)" hits="0" missing-branches="141,149" number="140"/>
						<line hits="0" number="141"/>
						<line branch="true" condition-coverage="0% (0/2)" hits="0" missing-branches="140,143" number="142"/>
						<line hits="0" number="143"/>
						<line hits="0" number="144"/>
						<line hits="0" number="145"/>
						<line hits="0" number="146"/>
						<line hits="0" number="149"/>
						<line branch="true" condition-coverage="0% (0/2)" hits="0" missing-branches="exit,153" number="150"/>
						<line hits="0" number="153"/>
						<line hits="0" number="154"/>
						<line branch="true" condition-coverage="0% (0/2)" hits="0" missing-branches="156,159" number="155"/>
						<line hits="0" number="156"/>
						<line branch="true" condition-coverage="0% (0/2)" hits="0" missing-branches="160,168" number="159"/>
						<line hits="0" number="160"/>
						<line branch="true" condition-coverage="0% (0/2)" hits="0" missing-branches="159,162" number="161"/>
						<line hits="0" number="162"/>
						<line hits="0" number="163"/>
						<line hits="0" number="164"/>
						<line hits="0" number="165"/>
						<line hits="0" number="168"/>
						<line branch="true" condition-coverage="0% (0/2)" hits="0" missing-branches="exit,173" number="170"/>
						<line hits="0" number="173"/>
						<line hits="0" number="174"/>
						<line branch="true" condition-coverage="0% (0/2)" hits="0" missing-branches="176,180" number="175"/>
						<line hits="0" number="176"/>
						<line branch="true" condition-coverage="0% (0/2)" hits="0" missing-branches="181,189" number="180"/>
						<line hits="0" number="181"/>
						<line branch="true" condition-coverage="0% (0/2)" hits="0" missing-branches="180,183" number="182"/>
						<line hits="0" number="183"/>
						<line hits="0" number="184"/>
						<line hits="0" number="185"/>
						<line hits="0" number="186"/>
						<line hits="0" number="189"/>
						<line hits="0" number="190"/>
						<line branch="true" condition-coverage="0% (0/2)" hits="0" missing-branches="192,195" number="191"/>
						<line hits="0" number="192"/>
						<line branch="true" condition-coverage="0% (0/2)" hits="0" missing-branches="196,201" number="195"/>
						<line hits="0" number="196"/>
						<line branch="true" condition-coverage="0% (0/2)" hits="0" missing-branches="198,201" number="197"/>
						<line hits="0" number="198"/>
						<line branch="true" condition-coverage="0% (0/2)" hits="0" missing-branches="exit,202" number="201"/>
						<line hits="0" number="202"/>
						<line hits="0" number="204"/>
						<line branch="true" condition-coverage="0% (0/2)" hits="0" missing-branches="207,209" number="206"/>
						<line hits="0" number="207"/>
						<line hits="0" number="209"/>
						<line hits="0" number="211"/>
						<line hits="0" number="212"/>
						<line branch="true" condition-coverage="0% (0/2)" hits="0" missing-branches="exit,216" number="214"/>
						<line hits="0" number="216"/>
						<line branch="true" condition-coverage="0% (0/2)" hits="0" missing-branches="exit,218" number="217"/>
						<line hits="0" number="218"/>
						<line hits="0" number="221"/>
						<line hits="0" number="222"/>
						<line branch="true" condition-coverage="0% (0/2)" hits="0" missing-branches="224,229" number="223"/>
						<line hits="0" number="224"/>
						<line branch="true" condition-coverage="0% (0/2)" hits="0" missing-branches="226,227" number="225"/>
						<line hits="0" number="226"/>
						<line branch="true" condition-coverage="0% (0/2)" hits="0" missing-branches="223,228" number="227"/>
						<line hits="0" number="228"/>
						<line hits="0" number="229"/>
						<line hits="0" number="231"/>
						<line hits="0" number="233"/>
						<line hits="0" number="234"/>
						<line hits="0" number="235"/>
						<line branch="true" condition-coverage="0% (0/2)" hits="0" missing-branches="238,259" number="237"/>
						<line hits="0" number="238"/>
						<line hits="0" number="239"/>
						<line hits="0" number="241"/>
						<line branch="true" condition-coverage="0% (0/2)" hits="0" missing-branches="245,247" number="244"/>
						<line hits="0" number="245"/>
						<line branch="true" condition-coverage="0% (0/2)" hits="0" missing-branches="248,259" number="247"/>
						<line hits="0" number="248"/>
						<line hits="0" number="250"/>
						<line hits="0" number="251"/>
						<line hits="0" number="252"/>
						<line hits="0" number="253"/>
						<line branch="true" condition-coverage="0% (0/2)" hits="0" missing-branches="255,259" number="254"/>
						<line branch="true" condition-coverage="0% (0/2)" hits="0" missing-branches="254,256" number="255"/>
						<line hits="0" number="256"/>
						<line branch="true" condition-coverage="0% (0/2)" hits="0" missing-branches="exit,260" number="259"/>
						<line hits="0" number="260"/>
						<line hits="0" number="261"/>
						<line branch="true" condition-coverage="0% (0/2)" hits="0" missing-branches="exit,263" number="262"/>
						<line hits="0" number="263"/>
						<line hits="0" number="264"/>
						<line hits="0" number="266"/>
						<line hits="0" number="267"/>
						<line branch="true" condition-coverage="0% (0/2)" hits="0" missing-branches="271,296" number="269"/>
						<line hits="0" number="271"/>
						<line branch="true" condition-coverage="0% (0/2)" hits="0" missing-branches="274,276" number="273"/>
						<line hits="0" number="274"/>
						<line branch="true" condition-coverage="0% (0/2)" hits="0" missing-branches="277,280" number="276"/>
						<line hits="0" number="277"/>
						<line hits="0" number="280"/>
						<line hits="0" number="281"/>
						<line hits="0" number="283"/>
						<line hits="0" number="284"/>
						<line branch="true" condition-coverage="0% (0/2)" hits="0" missing-branches="287,288" number="286"/>
						<line hits="0" number="287"/>
						<line branch="true" condition-coverage="0% (0/2)" hits="0" missing-branches="289,291" number="288"/>
						<line hits="0" number="289"/>
						<line branch="true" condition-coverage="0% (0/2)" hits="0" missing-branches="269,292" number="291"/>
						<line branch="true" condition-coverage="0% (0/2)" hits="0" missing-branches="293,295" number="292"/>
						<line hits="0" number="293"/>
						<line hits="0" number="295"/>
						<line hits="0" number="296"/>
						<line hits="0" number="300"/>
						<line hits="0" number="304"/>
						<line branch="true" condition-coverage="0% (0/2)" hits="0" missing-branches="308,322" number="306"/>
						<line hits="0" number="308"/>
						<line hits="0" number="309"/>
						<line hits="0" number="311"/>
						<line hits="0" number="312"/>
						<line hits="0" number="313"/>
						<line hits="0" number="316"/>
						<line hits="0" number="317"/>
						<line hits="0" number="319"/>
						<line hits="0" number="322"/>
						<line branch="true" condition-coverage="0% (0/2)" hits="0" missing-branches="339,341" number="338"/>
						<line hits="0" number="339"/>
						<line hits="0" number="341"/>
						<line hits="0" number="343"/>
						<line branch="true" condition-coverage="0% (0/2)" hits="0" missing-branches="346,348" number="345"/>
						<line hits="0" number="346"/>
						<line hits="0" number="348"/>
						<line hits="0" number="350"/>
						<line hits="0" number="352"/>
						<line hits="0" number="353"/>
						<line branch="true" condition-coverage="0% (0/2)" hits="0" missing-branches="357,383" number="355"/>
						<line hits="0" number="357"/>
						<line branch="true" condition-coverage="0% (0/2)" hits="0" missing-branches="360,362" number="359"/>
						<line hits="0" number="360"/>
						<line branch="true" condition-coverage="0% (0/2)" hits="0" missing-branches="363,366" number="362"/>
						<line hits="0" number="363"/>
						<line hits="0" number="366"/>
						<line hits="0" number="367"/>
						<line hits="0" number="369"/>
						<line hits="0" number="370"/>
						<line hits="0" number="371"/>
						<line branch="true" condition-coverage="0% (0/2)" hits="0" missing-branches="374,375" number="373"/>
						<line hits="0" number="374"/>
						<line branch="true" condition-coverage="0% (0/2)" hits="0" missing-branches="376,378" number="375"/>
						<line hits="0" number="376"/>
						<line branch="true" condition-coverage="0% (0/2)" hits="0" missing-branches="355,379" number="378"/>
						<line branch="true" condition-coverage="0% (0/2)" hits="0" missing-branches="380,382" number="379"/>
						<line hits="0" number="380"/>
						<line hits="0" number="382"/>
						<line hits="0" number="383"/>
						<line hits="0" number="387"/>
						<line hits="0" number="391"/>
						<line branch="true" condition-coverage="0% (0/2)" hits="0" missing-branches="395,407" number="393"/>
						<line hits="0" number="395"/>
						<line hits="0" number="396"/>
						<line hits="0" number="398"/>
						<line hits="0" number="399"/>
						<line hits="0" number="400"/>
						<line hits="0" number="401"/>
						<line hits="0" number="403"/>
						<line hits="0" number="404"/>
						<line hits="0" number="407"/>
						<line branch="true" condition-coverage="0% (0/2)" hits="0" missing-branches="424,426" number="423"/>
						<line hits="0" number="424"/>
						<line hits="0" number="426"/>
						<line branch="true" condition-coverage="0% (0/2)" hits="0" missing-branches="exit,430" number="429"/>
						<line hits="0" number="430"/>
						<line hits="0" number="431"/>
						<line hits="0" number="432"/>
						<line hits="0" number="433"/>
					</lines>
				</class>
				<class branch-rate="0" complexity="0" filename="GraphGen.py" line-rate="0" name="GraphGen.py">
					<methods/>
					<lines>
						<line hits="0" number="1"/>
						<line hits="0" number="2"/>
						<line hits="0" number="3"/>
						<line hits="0" number="4"/>
						<line hits="0" number="5"/>
						<line hits="0" number="7"/>
						<line hits="0" number="8"/>
						<line hits="0" number="11"/>
						<line hits="0" number="13"/>
						<line branch="true" condition-coverage="0% (0/2)" hits="0" missing-branches="exit,19" number="17"/>
						<line branch="true" condition-coverage="0% (0/2)" hits="0" missing-branches="20,22" number="19"/>
						<line branch="true" condition-coverage="0% (0/2)" hits="0" missing-branches="exit,22" number="20"/>
						<line hits="0" number="22"/>
						<line hits="0" number="24"/>
						<line hits="0" number="25"/>
						<line branch="true" condition-coverage="0% (0/2)" hits="0" missing-branches="30,50" number="27"/>
						<line hits="0" number="30"/>
						<line hits="0" number="33"/>
						<line hits="0" number="34"/>
						<line branch="true" condition-coverage="0% (0/2)" hits="0" missing-branches="37,41" number="36"/>
						<line hits="0" number="37"/>
						<line hits="0" number="38"/>
						<line hits="0" number="41"/>
						<line hits="0" number="42"/>
						<line hits="0" number="45"/>
						<line hits="0" number="46"/>
						<line hits="0" number="47"/>
						<line hits="0" number="48"/>
						<line hits="0" number="50"/>
						<line hits="0" number="52"/>
						<line hits="0" number="55"/>
						<line hits="0" number="56"/>
						<line branch="true" condition-coverage="0% (0/2)" hits="0" missing-branches="60,62" number="59"/>
						<line hits="0" number="60"/>
						<line hits="0" number="62"/>
						<line hits="0" number="63"/>
						<line branch="true" condition-coverage="0% (0/2)" hits="0" missing-branches="65,67" number="64"/>
						<line hits="0" number="65"/>
						<line hits="0" number="67"/>
						<line hits="0" number="69"/>
						<line branch="true" condition-coverage="0% (0/2)" hits="0" missing-branches="exit,74" number="72"/>
						<line hits="0" number="74"/>
						<line hits="0" number="75"/>
						<line hits="0" number="76"/>
						<line hits="0" number="78"/>
					</lines>
				</class>
				<class branch-rate="0" complexity="0" filename="GraphGenMP.py" line-rate="0" name="GraphGenMP.py">
					<methods/>
					<lines>
						<line hits="0" number="1"/>
						<line hits="0" number="2"/>
						<line hits="0" number="3"/>
						<line hits="0" number="4"/>
						<line hits="0" number="5"/>
						<line hits="0" number="6"/>
						<line hits="0" number="7"/>
						<line hits="0" number="8"/>
						<line hits="0" number="9"/>
						<line hits="0" number="10"/>
						<line hits="0" number="11"/>
						<line hits="0" number="14"/>
						<line hits="0" number="16"/>
						<line branch="true" condition-coverage="0% (0/2)" hits="0" missing-branches="exit,23" number="21"/>
						<line branch="true" condition-coverage="0% (0/2)" hits="0" missing-branches="24,27" number="23"/>
						<line branch="true" condition-coverage="0% (0/2)" hits="0" missing-branches="exit,27" number="24"/>
						<line branch="true" condition-coverage="0% (0/2)" hits="0" missing-branches="exit,28" number="27"/>
						<line branch="true" condition-coverage="0% (0/2)" hits="0" missing-branches="29,35" number="28"/>
						<line branch="true" condition-coverage="0% (0/2)" hits="0" missing-branches="30,32" number="29"/>
						<line hits="0" number="30"/>
						<line hits="0" number="32"/>
						<line hits="0" number="35"/>
						<line branch="true" condition-coverage="0% (0/2)" hits="0" missing-branches="37,43" number="36"/>
						<line hits="0" number="37"/>
						<line hits="0" number="38"/>
						<line hits="0" number="39"/>
						<line hits="0" number="40"/>
						<line branch="true" condition-coverage="0% (0/2)" hits="0" missing-branches="44,46" number="43"/>
						<line hits="0" number="44"/>
						<line hits="0" number="46"/>
						<line branch="true" condition-coverage="0% (0/2)" hits="0" missing-branches="51,56" number="50"/>
						<line hits="0" number="51"/>
						<line branch="true" condition-coverage="0% (0/2)" hits="0" missing-branches="57,59" number="56"/>
						<line hits="0" number="57"/>
						<line hits="0" number="59"/>
						<line hits="0" number="60"/>
						<line hits="0" number="62"/>
						<line branch="true" condition-coverage="0% (0/2)" hits="0" missing-branches="exit,67" number="65"/>
						<line branch="true" condition-coverage="0% (0/2)" hits="0" missing-branches="exit,71" number="67"/>
						<line hits="0" number="71"/>
						<line hits="0" number="72"/>
						<line branch="true" condition-coverage="0% (0/2)" hits="0" missing-branches="75,79" number="74"/>
						<line hits="0" number="75"/>
						<line hits="0" number="76"/>
						<line hits="0" number="77"/>
						<line hits="0" number="78"/>
						<line hits="0" number="79"/>
						<line hits="0" number="82"/>
						<line branch="true" condition-coverage="0% (0/2)" hits="0" missing-branches="exit,85" number="84"/>
						<line hits="0" number="85"/>
						<line hits="0" number="87"/>
						<line hits="0" number="89"/>
						<line branch="true" condition-coverage="0% (0/2)" hits="0" missing-branches="91,94" number="90"/>
						<line hits="0" number="91"/>
						<line hits="0" number="92"/>
						<line hits="0" number="94"/>
						<line branch="true" condition-coverage="0% (0/2)" hits="0" missing-branches="97,103" number="96"/>
						<line hits="0" number="97"/>
						<line hits="0" number="98"/>
						<line hits="0" number="99"/>
						<line hits="0" number="100"/>
						<line hits="0" number="101"/>
						<line hits="0" number="103"/>
						<line branch="true" condition-coverage="0% (0/2)" hits="0" missing-branches="105,110" number="104"/>
						<line hits="0" number="105"/>
						<line hits="0" number="106"/>
						<line hits="0" number="107"/>
						<line hits="0" number="108"/>
						<line hits="0" number="109"/>
						<line hits="0" number="110"/>
						<line hits="0" number="112"/>
						<line hits="0" number="113"/>
						<line hits="0" number="116"/>
						<line branch="true" condition-coverage="0% (0/2)" hits="0" missing-branches="118,121" number="117"/>
						<line hits="0" number="118"/>
						<line hits="0" number="121"/>
						<line hits="0" number="122"/>
						<line hits="0" number="123"/>
						<line hits="0" number="125"/>
						<line hits="0" number="126"/>
						<line hits="0" number="127"/>
						<line hits="0" number="129"/>
						<line hits="0" number="133"/>
						<line branch="true" condition-coverage="0% (0/2)" hits="0" missing-branches="135,136" number="134"/>
						<line hits="0" number="135"/>
						<line hits="0" number="136"/>
						<line hits="0" number="138"/>
						<line branch="true" condition-coverage="0% (0/2)" hits="0" missing-branches="142,144" number="141"/>
						<line hits="0" number="142"/>
						<line hits="0" number="144"/>
						<line hits="0" number="145"/>
						<line branch="true" condition-coverage="0% (0/2)" hits="0" missing-branches="149,151" number="148"/>
						<line hits="0" number="149"/>
						<line hits="0" number="151"/>
						<line hits="0" number="152"/>
						<line branch="true" condition-coverage="0% (0/2)" hits="0" missing-branches="154,156" number="153"/>
						<line hits="0" number="154"/>
						<line hits="0" number="156"/>
						<line hits="0" number="158"/>
						<line branch="true" condition-coverage="0% (0/2)" hits="0" missing-branches="exit,163" number="161"/>
						<line hits="0" number="163"/>
						<line hits="0" number="164"/>
						<line hits="0" number="165"/>
						<line hits="0" number="167"/>
					</lines>
				</class>
				<class branch-rate="0" complexity="0" filename="Metrics.py" line-rate="0.2391" name="Metrics.py">
					<methods/>
					<lines>
						<line hits="1" number="1"/>
						<line hits="1" number="2"/>
						<line hits="1" number="3"/>
						<line hits="1" number="4"/>
						<line hits="1" number="6"/>
						<line hits="1" number="8"/>
						<line branch="true" condition-coverage="0% (0/2)" hits="0" missing-branches="11,13" number="10"/>
						<line branch="true" condition-coverage="0% (0/2)" hits="0" missing-branches="exit,15" number="11"/>
						<line branch="true" condition-coverage="0% (0/2)" hits="0" missing-branches="exit,15" number="13"/>
						<line hits="0" number="15"/>
						<line hits="1" number="17"/>
						<line hits="0" number="19"/>
						<line hits="0" number="21"/>
						<line hits="0" number="22"/>
						<line hits="0" number="23"/>
						<line hits="0" number="24"/>
						<line hits="0" number="26"/>
						<line hits="1" number="28"/>
						<line hits="1" number="30"/>
						<line hits="0" number="40"/>
						<line hits="0" number="41"/>
						<line hits="0" number="42"/>
						<line hits="0" number="43"/>
						<line hits="0" number="45"/>
						<line hits="0" number="46"/>
						<line branch="true" condition-coverage="0% (0/2)" hits="0" missing-branches="exit,50" number="48"/>
						<line hits="0" number="50"/>
						<line hits="0" number="51"/>
						<line hits="1" number="53"/>
						<line hits="0" number="55"/>
						<line hits="0" number="58"/>
						<line hits="0" number="60"/>
						<line hits="0" number="62"/>
						<line hits="0" number="64"/>
						<line hits="0" number="66"/>
						<line hits="0" number="68"/>
						<line hits="0" number="70"/>
						<line hits="0" number="72"/>
						<line hits="1" number="74"/>
						<line hits="0" number="76"/>
						<line branch="true" condition-coverage="0% (0/2)" hits="0" missing-branches="79,81" number="78"/>
						<line hits="0" number="79"/>
						<line hits="0" number="81"/>
						<line hits="0" number="82"/>
						<line hits="0" number="84"/>
						<line hits="0" number="86"/>
					</lines>
				</class>
				<class branch-rate="0.2222" complexity="0" filename="NeuralNet.py" line-rate="0.4115" name="NeuralNet.py">
					<methods/>
					<lines>
						<line hits="1" number="1"/>
						<line hits="1" number="2"/>
						<line hits="1" number="3"/>
						<line hits="1" number="6"/>
						<line hits="1" number="7"/>
						<line hits="1" number="8"/>
						<line hits="1" number="9"/>
						<line hits="1" number="12"/>
						<line hits="1" number="13"/>
						<line hits="1" number="14"/>
						<line hits="1" number="17"/>
						<line hits="1" number="18"/>
						<line hits="1" number="20"/>
						<line hits="1" number="22"/>
						<line hits="1" number="29"/>
						<line hits="1" number="34"/>
						<line branch="true" condition-coverage="50% (1/2)" hits="1" missing-branches="39" number="38"/>
						<line hits="0" number="39"/>
						<line hits="0" number="42"/>
						<line hits="1" number="46"/>
						<line hits="1" number="49"/>
						<line hits="1" number="51"/>
						<line hits="1" number="55"/>
						<line hits="1" number="59"/>
						<line hits="1" number="60"/>
						<line hits="1" number="61"/>
						<line hits="1" number="62"/>
						<line hits="1" number="63"/>
						<line branch="true" condition-coverage="50% (1/2)" hits="1" missing-branches="70" number="66"/>
						<line hits="1" number="67"/>
						<line branch="true" condition-coverage="0% (0/2)" hits="0" missing-branches="71,87" number="70"/>
						<line hits="0" number="71"/>
						<line branch="true" condition-coverage="0% (0/2)" hits="0" missing-branches="exit,74" number="72"/>
						<line hits="0" number="74"/>
						<line hits="0" number="75"/>
						<line hits="0" number="76"/>
						<line hits="0" number="78"/>
						<line hits="0" number="79"/>
						<line hits="0" number="87"/>
						<line hits="1" number="92"/>
						<line branch="true" condition-coverage="50% (1/2)" hits="1" missing-branches="99" number="96"/>
						<line hits="1" number="97"/>
						<line branch="true" condition-coverage="0% (0/2)" hits="0" missing-branches="100,103" number="99"/>
						<line hits="0" number="100"/>
						<line hits="1" number="103"/>
						<line hits="1" number="104"/>
						<line hits="1" number="105"/>
						<line hits="1" number="106"/>
						<line hits="1" number="107"/>
						<line hits="1" number="108"/>
						<line hits="1" number="110"/>
						<line hits="0" number="112"/>
						<line hits="0" number="113"/>
						<line hits="0" number="114"/>
						<line hits="0" number="116"/>
						<line branch="true" condition-coverage="0% (0/2)" hits="0" missing-branches="119,122" number="118"/>
						<line hits="0" number="119"/>
						<line branch="true" condition-coverage="0% (0/2)" hits="0" missing-branches="exit,123" number="122"/>
						<line hits="0" number="123"/>
						<line hits="0" number="125"/>
						<line hits="0" number="126"/>
						<line hits="0" number="127"/>
						<line hits="0" number="128"/>
						<line hits="0" number="129"/>
						<line hits="0" number="130"/>
						<line hits="1" number="132"/>
						<line hits="0" number="134"/>
						<line hits="0" number="135"/>
						<line hits="0" number="136"/>
						<line hits="0" number="138"/>
						<line branch="true" condition-coverage="0% (0/2)" hits="0" missing-branches="141,144" number="140"/>
						<line hits="0" number="141"/>
						<line branch="true" condition-coverage="0% (0/2)" hits="0" missing-branches="exit,145" number="144"/>
						<line hits="0" number="145"/>
						<line hits="0" number="147"/>
						<line hits="0" number="148"/>
						<line hits="0" number="149"/>
						<line hits="0" number="150"/>
						<line hits="0" number="151"/>
						<line hits="0" number="152"/>
						<line hits="1" number="154"/>
						<line hits="0" number="162"/>
						<line hits="0" number="165"/>
						<line branch="true" condition-coverage="0% (0/2)" hits="0" missing-branches="exit,168" number="166"/>
						<line hits="0" number="168"/>
						<line hits="0" number="169"/>
						<line hits="0" number="171"/>
						<line hits="0" number="172"/>
						<line branch="true" condition-coverage="0% (0/2)" hits="0" missing-branches="175,177" number="174"/>
						<line branch="true" condition-coverage="0% (0/2)" hits="0" missing-branches="exit,177" number="175"/>
						<line hits="0" number="177"/>
						<line hits="0" number="178"/>
						<line hits="0" number="179"/>
						<line hits="0" number="180"/>
						<line hits="0" number="181"/>
						<line hits="0" number="182"/>
						<line hits="0" number="183"/>
						<line hits="1" number="188"/>
						<line hits="1" number="190"/>
						<line branch="true" condition-coverage="100% (2/2)" hits="1" number="192"/>
						<line hits="1" number="194"/>
						<line hits="1" number="196"/>
						<line hits="1" number="197"/>
						<line hits="1" number="198"/>
						<line hits="1" number="200"/>
						<line branch="true" condition-coverage="50% (1/2)" hits="1" missing-branches="203" number="202"/>
						<line hits="0" number="203"/>
						<line hits="1" number="205"/>
						<line branch="true" condition-coverage="50% (1/2)" hits="1" missing-branches="209" number="207"/>
						<line hits="0" number="209"/>
						<line hits="0" number="210"/>
						<line hits="0" number="211"/>
						<line hits="0" number="213"/>
						<line hits="0" number="214"/>
						<line hits="0" number="215"/>
						<line branch="true" condition-coverage="0% (0/2)" hits="0" missing-branches="218,220" number="217"/>
						<line hits="0" number="218"/>
						<line hits="0" number="220"/>
						<line hits="1" number="224"/>
						<line branch="true" condition-coverage="50% (1/2)" hits="1" missing-branches="239" number="236"/>
						<line hits="1" number="237"/>
						<line hits="0" number="239"/>
						<line hits="1" number="241"/>
						<line hits="1" number="244"/>
						<line hits="0" number="275"/>
						<line branch="true" condition-coverage="0% (0/2)" hits="0" missing-branches="277,279" number="276"/>
						<line hits="0" number="277"/>
						<line hits="0" number="279"/>
						<line hits="1" number="281"/>
						<line branch="true" condition-coverage="50% (1/2)" hits="1" missing-branches="286" number="285"/>
						<line hits="0" number="286"/>
						<line branch="true" condition-coverage="0% (0/2)" hits="0" missing-branches="exit,289" number="287"/>
						<line hits="0" number="289"/>
						<line hits="1" number="292"/>
						<line hits="1" number="293"/>
						<line hits="1" number="295"/>
						<line hits="1" number="297"/>
						<line hits="0" number="299"/>
						<line hits="0" number="301"/>
						<line hits="0" number="302"/>
						<line hits="0" number="303"/>
						<line hits="0" number="304"/>
						<line branch="true" condition-coverage="0% (0/2)" hits="0" missing-branches="306,314" number="305"/>
						<line hits="0" number="306"/>
						<line hits="0" number="307"/>
						<line hits="0" number="308"/>
						<line hits="0" number="310"/>
						<line hits="0" number="311"/>
						<line hits="0" number="312"/>
						<line branch="true" condition-coverage="0% (0/2)" hits="0" missing-branches="315,318" number="314"/>
						<line hits="0" number="315"/>
						<line hits="0" number="318"/>
						<line hits="1" number="320"/>
						<line hits="1" number="322"/>
						<line hits="1" number="323"/>
						<line branch="true" condition-coverage="100% (2/2)" hits="1" number="324"/>
						<line hits="1" number="326"/>
						<line hits="1" number="327"/>
						<line hits="1" number="328"/>
						<line hits="1" number="329"/>
						<line hits="1" number="331"/>
						<line hits="1" number="332"/>
						<line hits="1" number="333"/>
						<line hits="1" number="334"/>
						<line branch="true" condition-coverage="50% (1/2)" hits="1" missing-branches="337" number="336"/>
						<line hits="0" number="337"/>
						<line hits="1" number="340"/>
						<line hits="1" number="342"/>
						<line hits="0" number="344"/>
						<line hits="0" number="346"/>
						<line hits="0" number="348"/>
						<line branch="true" condition-coverage="0% (0/2)" hits="0" missing-branches="352,356" number="351"/>
						<line hits="0" number="352"/>
						<line hits="0" number="353"/>
						<line hits="0" number="354"/>
						<line branch="true" condition-coverage="0% (0/2)" hits="0" missing-branches="357,361" number="356"/>
						<line hits="0" number="357"/>
						<line hits="0" number="358"/>
						<line hits="0" number="359"/>
						<line hits="0" number="361"/>
						<line hits="0" number="362"/>
						<line hits="0" number="363"/>
						<line hits="1" number="365"/>
						<line hits="0" number="367"/>
						<line hits="0" number="373"/>
						<line hits="1" number="375"/>
						<line hits="0" number="377"/>
						<line hits="0" number="379"/>
						<line hits="0" number="380"/>
						<line hits="0" number="381"/>
						<line hits="0" number="382"/>
						<line hits="0" number="383"/>
					</lines>
				</class>
				<class branch-rate="0" complexity="0" filename="ResidueGraph.py" line-rate="0" name="ResidueGraph.py">
					<methods/>
					<lines>
						<line hits="0" number="1"/>
						<line hits="0" number="2"/>
						<line hits="0" number="3"/>
						<line hits="0" number="5"/>
						<line hits="0" number="6"/>
						<line hits="0" number="8"/>
						<line hits="0" number="10"/>
						<line hits="0" number="11"/>
						<line hits="0" number="14"/>
						<line hits="0" number="16"/>
						<line hits="0" number="20"/>
						<line hits="0" number="22"/>
						<line hits="0" number="23"/>
						<line hits="0" number="24"/>
						<line branch="true" condition-coverage="0% (0/2)" hits="0" missing-branches="27,30" number="26"/>
						<line hits="0" number="27"/>
						<line hits="0" number="30"/>
						<line hits="0" number="32"/>
						<line hits="0" number="33"/>
						<line hits="0" number="35"/>
						<line hits="0" number="39"/>
						<line hits="0" number="43"/>
						<line hits="0" number="47"/>
						<line hits="0" number="51"/>
						<line hits="0" number="53"/>
						<line branch="true" condition-coverage="0% (0/2)" hits="0" missing-branches="55,62" number="54"/>
						<line branch="true" condition-coverage="0% (0/2)" hits="0" missing-branches="54,56" number="55"/>
						<line hits="0" number="56"/>
						<line branch="true" condition-coverage="0% (0/2)" hits="0" missing-branches="55,58" number="57"/>
						<line hits="0" number="58"/>
						<line hits="0" number="59"/>
						<line hits="0" number="62"/>
						<line hits="0" number="65"/>
						<line hits="0" number="68"/>
						<line hits="0" number="69"/>
						<line hits="0" number="70"/>
						<line hits="0" number="73"/>
						<line hits="0" number="74"/>
						<line hits="0" number="75"/>
						<line hits="0" number="77"/>
						<line hits="0" number="78"/>
						<line hits="0" number="79"/>
						<line hits="0" number="82"/>
						<line hits="0" number="84"/>
						<line hits="0" number="91"/>
						<line branch="true" condition-coverage="0% (0/2)" hits="0" missing-branches="exit,94" number="93"/>
						<line branch="true" condition-coverage="0% (0/2)" hits="0" missing-branches="93,95" number="94"/>
						<line hits="0" number="95"/>
						<line hits="0" number="98"/>
						<line hits="0" number="100"/>
						<line hits="0" number="101"/>
						<line hits="0" number="102"/>
						<line hits="0" number="106"/>
						<line branch="true" condition-coverage="0% (0/2)" hits="0" missing-branches="111,123" number="110"/>
						<line branch="true" condition-coverage="0% (0/2)" hits="0" missing-branches="112,120" number="111"/>
						<line branch="true" condition-coverage="0% (0/2)" hits="0" missing-branches="110,113" number="112"/>
						<line branch="true" condition-coverage="0% (0/2)" hits="0" missing-branches="114,118" number="113"/>
						<line hits="0" number="114"/>
						<line hits="0" number="115"/>
						<line hits="0" number="118"/>
						<line hits="0" number="120"/>
						<line hits="0" number="123"/>
						<line branch="true" condition-coverage="0% (0/2)" hits="0" missing-branches="exit,125" number="124"/>
						<line hits="0" number="125"/>
						<line branch="true" condition-coverage="0% (0/2)" hits="0" missing-branches="127,130" number="126"/>
						<line hits="0" number="127"/>
						<line hits="0" number="130"/>
						<line hits="0" number="132"/>
						<line hits="0" number="133"/>
						<line hits="0" number="135"/>
						<line hits="0" number="140"/>
						<line branch="true" condition-coverage="0% (0/2)" hits="0" missing-branches="142,148" number="141"/>
						<line branch="true" condition-coverage="0% (0/2)" hits="0" missing-branches="141,143" number="142"/>
						<line hits="0" number="143"/>
						<line hits="0" number="145"/>
						<line branch="true" condition-coverage="0% (0/2)" hits="0" missing-branches="149,157" number="148"/>
						<line branch="true" condition-coverage="0% (0/2)" hits="0" missing-branches="150,157" number="149"/>
						<line branch="true" condition-coverage="0% (0/2)" hits="0" missing-branches="149,151" number="150"/>
						<line hits="0" number="151"/>
						<line hits="0" number="153"/>
						<line branch="true" condition-coverage="0% (0/2)" hits="0" missing-branches="158,164" number="157"/>
						<line branch="true" condition-coverage="0% (0/2)" hits="0" missing-branches="157,159" number="158"/>
						<line hits="0" number="159"/>
						<line hits="0" number="164"/>
						<line branch="true" condition-coverage="0% (0/2)" hits="0" missing-branches="167,176" number="165"/>
						<line branch="true" condition-coverage="0% (0/2)" hits="0" missing-branches="165,168" number="167"/>
						<line branch="true" condition-coverage="0% (0/2)" hits="0" missing-branches="169,174" number="168"/>
						<line branch="true" condition-coverage="0% (0/2)" hits="0" missing-branches="170,171" number="169"/>
						<line hits="0" number="170"/>
						<line branch="true" condition-coverage="0% (0/2)" hits="0" missing-branches="167,172" number="171"/>
						<line hits="0" number="172"/>
						<line branch="true" condition-coverage="0% (0/2)" hits="0" missing-branches="167,175" number="174"/>
						<line hits="0" number="175"/>
						<line hits="0" number="176"/>
						<line hits="0" number="179"/>
						<line hits="0" number="181"/>
						<line hits="0" number="188"/>
						<line branch="true" condition-coverage="0% (0/2)" hits="0" missing-branches="190,192" number="189"/>
						<line branch="true" condition-coverage="0% (0/2)" hits="0" missing-branches="189,191" number="190"/>
						<line hits="0" number="191"/>
						<line hits="0" number="192"/>
						<line hits="0" number="193"/>
						<line hits="0" number="195"/>
						<line hits="0" number="198"/>
						<line hits="0" number="199"/>
						<line hits="0" number="200"/>
						<line hits="0" number="201"/>
						<line hits="0" number="203"/>
						<line hits="0" number="207"/>
						<line hits="0" number="208"/>
						<line hits="0" number="212"/>
						<line hits="0" number="217"/>
						<line branch="true" condition-coverage="0% (0/2)" hits="0" missing-branches="exit,223" number="221"/>
						<line hits="0" number="223"/>
						<line hits="0" number="224"/>
						<line hits="0" number="225"/>
						<line hits="0" number="227"/>
						<line hits="0" number="229"/>
						<line hits="0" number="230"/>
						<line hits="0" number="233"/>
						<line hits="0" number="234"/>
						<line hits="0" number="236"/>
						<line branch="true" condition-coverage="0% (0/2)" hits="0" missing-branches="239,245" number="238"/>
						<line hits="0" number="239"/>
						<line hits="0" number="240"/>
						<line hits="0" number="241"/>
						<line hits="0" number="242"/>
						<line hits="0" number="245"/>
						<line hits="0" number="246"/>
						<line hits="0" number="247"/>
						<line hits="0" number="250"/>
						<line hits="0" number="252"/>
						<line branch="true" condition-coverage="0% (0/2)" hits="0" missing-branches="exit,255" number="254"/>
						<line hits="0" number="255"/>
						<line hits="0" number="256"/>
						<line hits="0" number="258"/>
						<line hits="0" number="261"/>
						<line hits="0" number="263"/>
						<line branch="true" condition-coverage="0% (0/2)" hits="0" missing-branches="265,270" number="264"/>
						<line branch="true" condition-coverage="0% (0/2)" hits="0" missing-branches="266,267" number="265"/>
						<line hits="0" number="266"/>
						<line branch="true" condition-coverage="0% (0/2)" hits="0" missing-branches="264,268" number="267"/>
						<line hits="0" number="268"/>
						<line hits="0" number="270"/>
						<line hits="0" number="272"/>
						<line hits="0" number="275"/>
						<line hits="0" number="277"/>
						<line hits="0" number="279"/>
						<line hits="0" number="280"/>
						<line hits="0" number="281"/>
						<line branch="true" condition-coverage="0% (0/2)" hits="0" missing-branches="283,294" number="282"/>
						<line hits="0" number="283"/>
						<line branch="true" condition-coverage="0% (0/2)" hits="0" missing-branches="282,286" number="285"/>
						<line hits="0" number="286"/>
						<line hits="0" number="288"/>
						<line branch="true" condition-coverage="0% (0/2)" hits="0" missing-branches="285,291" number="290"/>
						<line hits="0" number="291"/>
						<line hits="0" number="292"/>
						<line hits="0" number="294"/>
						<line hits="0" number="296"/>
						<line hits="0" number="298"/>
						<line hits="0" number="299"/>
						<line hits="0" number="300"/>
						<line branch="true" condition-coverage="0% (0/2)" hits="0" missing-branches="303,306" number="302"/>
						<line hits="0" number="303"/>
						<line hits="0" number="306"/>
						<line hits="0" number="307"/>
						<line hits="0" number="310"/>
						<line branch="true" condition-coverage="0% (0/2)" hits="0" missing-branches="313,317" number="312"/>
						<line branch="true" condition-coverage="0% (0/2)" hits="0" missing-branches="312,314" number="313"/>
						<line hits="0" number="314"/>
						<line hits="0" number="315"/>
						<line hits="0" number="317"/>
						<line hits="0" number="319"/>
						<line hits="0" number="321"/>
						<line hits="0" number="322"/>
						<line hits="0" number="324"/>
						<line hits="0" number="325"/>
						<line hits="0" number="327"/>
						<line hits="0" number="332"/>
						<line hits="0" number="334"/>
						<line hits="0" number="336"/>
						<line hits="0" number="338"/>
					</lines>
				</class>
				<class branch-rate="1" complexity="0" filename="__init__.py" line-rate="1" name="__init__.py">
					<methods/>
					<lines/>
				</class>
				<class branch-rate="1" complexity="0" filename="__version__.py" line-rate="0" name="__version__.py">
					<methods/>
					<lines>
						<line hits="0" number="1"/>
					</lines>
				</class>
				<class branch-rate="0.2" complexity="0" filename="community_pooling.py" line-rate="0.3879" name="community_pooling.py">
					<methods/>
					<lines>
						<line hits="1" number="1"/>
						<line hits="1" number="2"/>
						<line hits="1" number="3"/>
						<line hits="1" number="4"/>
						<line hits="1" number="6"/>
						<line hits="1" number="7"/>
						<line hits="1" number="8"/>
						<line hits="1" number="9"/>
						<line hits="1" number="12"/>
						<line hits="1" number="14"/>
						<line hits="1" number="16"/>
						<line hits="0" number="18"/>
						<line hits="0" number="19"/>
						<line hits="0" number="20"/>
						<line hits="0" number="21"/>
						<line hits="1" number="24"/>
						<line hits="1" number="25"/>
						<line branch="true" condition-coverage="100% (2/2)" hits="1" number="26"/>
						<line hits="1" number="27"/>
						<line hits="1" number="28"/>
						<line hits="1" number="31"/>
						<line hits="0" number="34"/>
						<line hits="0" number="35"/>
						<line branch="true" condition-coverage="0% (0/2)" hits="0" missing-branches="38,43" number="37"/>
						<line branch="true" condition-coverage="0% (0/2)" hits="0" missing-branches="39,41" number="38"/>
						<line hits="0" number="39"/>
						<line hits="0" number="41"/>
						<line hits="0" number="43"/>
						<line hits="0" number="44"/>
						<line hits="0" number="45"/>
						<line branch="true" condition-coverage="0% (0/2)" hits="0" missing-branches="49,73" number="47"/>
						<line hits="0" number="49"/>
						<line hits="0" number="50"/>
						<line branch="true" condition-coverage="0% (0/2)" hits="0" missing-branches="54,59" number="53"/>
						<line hits="0" number="54"/>
						<line branch="true" condition-coverage="0% (0/2)" hits="0" missing-branches="exit,56" number="55"/>
						<line hits="0" number="56"/>
						<line branch="true" condition-coverage="0% (0/2)" hits="0" missing-branches="60,71" number="59"/>
						<line hits="0" number="60"/>
						<line hits="0" number="61"/>
						<line hits="0" number="62"/>
						<line hits="0" number="64"/>
						<line branch="true" condition-coverage="0% (0/2)" hits="0" missing-branches="66,67" number="65"/>
						<line hits="0" number="66"/>
						<line hits="0" number="67"/>
						<line hits="0" number="68"/>
						<line hits="0" number="71"/>
						<line hits="0" number="73"/>
						<line hits="0" number="74"/>
						<line hits="1" number="77"/>
						<line hits="0" number="80"/>
						<line hits="0" number="81"/>
						<line branch="true" condition-coverage="0% (0/2)" hits="0" missing-branches="84,90" number="83"/>
						<line branch="true" condition-coverage="0% (0/2)" hits="0" missing-branches="85,87" number="84"/>
						<line hits="0" number="85"/>
						<line hits="0" number="87"/>
						<line hits="0" number="90"/>
						<line branch="true" condition-coverage="0% (0/2)" hits="0" missing-branches="95,99" number="94"/>
						<line hits="0" number="95"/>
						<line branch="true" condition-coverage="0% (0/2)" hits="0" missing-branches="exit,exit" number="96"/>
						<line branch="true" condition-coverage="0% (0/2)" hits="0" missing-branches="103,122" number="99"/>
						<line hits="0" number="103"/>
						<line hits="0" number="107"/>
						<line hits="0" number="111"/>
						<line hits="0" number="115"/>
						<line branch="true" condition-coverage="0% (0/2)" hits="0" missing-branches="117,120" number="116"/>
						<line hits="0" number="117"/>
						<line hits="0" number="120"/>
						<line hits="0" number="122"/>
						<line hits="1" number="124"/>
						<line hits="1" number="128"/>
						<line hits="1" number="129"/>
						<line hits="1" number="130"/>
						<line hits="1" number="131"/>
						<line hits="1" number="133"/>
						<line hits="1" number="134"/>
						<line hits="1" number="137"/>
						<line hits="1" number="140"/>
						<line branch="true" condition-coverage="50% (1/2)" hits="1" missing-branches="147" number="143"/>
						<line hits="1" number="144"/>
						<line branch="true" condition-coverage="50% (1/2)" hits="1" missing-branches="149" number="147"/>
						<line hits="1" number="148"/>
						<line branch="true" condition-coverage="50% (1/2)" hits="1" missing-branches="150" number="149"/>
						<line hits="0" number="150"/>
						<line branch="true" condition-coverage="50% (1/2)" hits="1" missing-branches="157" number="152"/>
						<line hits="1" number="153"/>
						<line branch="true" condition-coverage="50% (1/2)" hits="1" missing-branches="171" number="157"/>
						<line hits="1" number="158"/>
						<line hits="1" number="159"/>
						<line branch="true" condition-coverage="50% (1/2)" hits="1" missing-branches="166" number="162"/>
						<line hits="1" number="163"/>
						<line hits="1" number="164"/>
						<line branch="true" condition-coverage="50% (1/2)" hits="1" missing-branches="185" number="166"/>
						<line hits="1" number="167"/>
						<line hits="1" number="168"/>
						<line hits="0" number="171"/>
						<line branch="true" condition-coverage="0% (0/2)" hits="0" missing-branches="175,178" number="174"/>
						<line hits="0" number="175"/>
						<line hits="0" number="176"/>
						<line branch="true" condition-coverage="0% (0/2)" hits="0" missing-branches="179,181" number="178"/>
						<line hits="0" number="179"/>
						<line branch="true" condition-coverage="0% (0/2)" hits="0" missing-branches="182,185" number="181"/>
						<line hits="0" number="182"/>
						<line hits="0" number="183"/>
						<line hits="1" number="185"/>
						<line branch="true" condition-coverage="50% (1/2)" hits="1" missing-branches="190" number="188"/>
						<line hits="0" number="190"/>
						<line hits="0" number="191"/>
						<line hits="0" number="193"/>
						<line hits="0" number="196"/>
						<line hits="0" number="197"/>
						<line hits="0" number="198"/>
						<line hits="0" number="199"/>
						<line hits="0" number="201"/>
						<line hits="0" number="202"/>
						<line hits="0" number="203"/>
					</lines>
				</class>
				<class branch-rate="0" complexity="0" filename="foutnet.py" line-rate="0.2535" name="foutnet.py">
					<methods/>
					<lines>
						<line hits="1" number="1"/>
						<line hits="1" number="2"/>
						<line hits="1" number="3"/>
						<line hits="1" number="4"/>
						<line hits="1" number="6"/>
						<line hits="1" number="7"/>
						<line hits="1" number="9"/>
						<line hits="1" number="10"/>
						<line hits="1" number="12"/>
						<line hits="1" number="15"/>
						<line hits="0" number="16"/>
						<line hits="0" number="18"/>
						<line hits="0" number="19"/>
						<line hits="0" number="20"/>
						<line hits="0" number="21"/>
						<line hits="0" number="23"/>
						<line hits="0" number="24"/>
						<line hits="0" number="25"/>
						<line hits="0" number="27"/>
						<line hits="1" number="30"/>
						<line hits="1" number="47"/>
						<line hits="0" number="52"/>
						<line hits="0" number="54"/>
						<line hits="0" number="55"/>
						<line hits="0" number="58"/>
						<line hits="0" number="59"/>
						<line branch="true" condition-coverage="0% (0/2)" hits="0" missing-branches="62,64" number="61"/>
						<line hits="0" number="62"/>
						<line hits="0" number="64"/>
						<line hits="0" number="66"/>
						<line hits="1" number="68"/>
						<line hits="0" number="69"/>
						<line hits="0" number="70"/>
						<line hits="0" number="71"/>
						<line hits="0" number="72"/>
						<line hits="1" number="74"/>
						<line hits="0" number="76"/>
						<line hits="0" number="77"/>
						<line hits="0" number="80"/>
						<line hits="0" number="83"/>
						<line hits="0" number="87"/>
						<line branch="true" condition-coverage="0% (0/2)" hits="0" missing-branches="90,94" number="89"/>
						<line hits="0" number="90"/>
						<line hits="0" number="91"/>
						<line hits="0" number="94"/>
						<line branch="true" condition-coverage="0% (0/2)" hits="0" missing-branches="98,100" number="97"/>
						<line hits="0" number="98"/>
						<line hits="0" number="100"/>
						<line hits="1" number="102"/>
						<line hits="0" number="103"/>
						<line hits="1" number="108"/>
						<line hits="1" number="110"/>
						<line hits="0" number="111"/>
						<line hits="0" number="113"/>
						<line hits="0" number="114"/>
						<line hits="0" number="116"/>
						<line hits="0" number="117"/>
						<line hits="0" number="119"/>
						<line hits="1" number="121"/>
						<line hits="0" number="123"/>
						<line hits="0" number="124"/>
						<line hits="0" number="128"/>
						<line hits="0" number="129"/>
						<line hits="0" number="130"/>
						<line hits="0" number="133"/>
						<line hits="0" number="134"/>
						<line hits="0" number="135"/>
						<line hits="0" number="138"/>
						<line hits="0" number="139"/>
						<line hits="0" number="140"/>
						<line hits="0" number="143"/>
					</lines>
				</class>
				<class branch-rate="0.5" complexity="0" filename="ginet.py" line-rate="0.8406" name="ginet.py">
					<methods/>
					<lines>
						<line hits="1" number="1"/>
						<line hits="1" number="2"/>
						<line hits="1" number="3"/>
						<line hits="1" number="4"/>
						<line hits="1" number="6"/>
						<line hits="1" number="7"/>
						<line hits="1" number="9"/>
						<line hits="1" number="12"/>
						<line hits="1" number="13"/>
						<line hits="1" number="16"/>
						<line hits="1" number="19"/>
						<line hits="0" number="20"/>
						<line hits="0" number="22"/>
						<line hits="0" number="23"/>
						<line hits="0" number="24"/>
						<line hits="0" number="25"/>
						<line hits="0" number="27"/>
						<line hits="0" number="28"/>
						<line hits="0" number="29"/>
						<line hits="0" number="31"/>
						<line hits="1" number="34"/>
						<line hits="1" number="53"/>
						<line hits="1" number="58"/>
						<line hits="1" number="60"/>
						<line hits="1" number="61"/>
						<line hits="1" number="63"/>
						<line branch="true" condition-coverage="50% (1/2)" hits="1" missing-branches="69" number="66"/>
						<line hits="1" number="67"/>
						<line hits="0" number="69"/>
						<line hits="1" number="71"/>
						<line hits="1" number="73"/>
						<line hits="1" number="74"/>
						<line hits="1" number="75"/>
						<line hits="1" number="76"/>
						<line hits="1" number="78"/>
						<line hits="1" number="82"/>
						<line hits="1" number="83"/>
						<line hits="1" number="84"/>
						<line hits="1" number="88"/>
						<line hits="1" number="91"/>
						<line hits="1" number="94"/>
						<line hits="1" number="97"/>
						<line hits="1" number="99"/>
						<line branch="true" condition-coverage="50% (1/2)" hits="1" missing-branches="110" number="107"/>
						<line hits="1" number="108"/>
						<line hits="1" number="110"/>
						<line hits="1" number="112"/>
						<line hits="0" number="113"/>
						<line hits="1" number="118"/>
						<line hits="1" number="120"/>
						<line hits="1" number="121"/>
						<line hits="1" number="123"/>
						<line hits="1" number="124"/>
						<line hits="1" number="126"/>
						<line hits="1" number="127"/>
						<line hits="1" number="129"/>
						<line hits="1" number="131"/>
						<line hits="1" number="133"/>
						<line hits="1" number="134"/>
						<line hits="1" number="138"/>
						<line hits="1" number="140"/>
						<line hits="1" number="141"/>
						<line hits="1" number="144"/>
						<line hits="1" number="146"/>
						<line hits="1" number="147"/>
						<line hits="1" number="150"/>
						<line hits="1" number="151"/>
						<line hits="1" number="152"/>
						<line hits="1" number="155"/>
					</lines>
				</class>
				<class branch-rate="0" complexity="0" filename="model.py" line-rate="0" name="model.py">
					<methods/>
					<lines>
						<line hits="0" number="1"/>
						<line hits="0" number="2"/>
						<line hits="0" number="3"/>
						<line hits="0" number="4"/>
						<line hits="0" number="5"/>
						<line hits="0" number="6"/>
						<line hits="0" number="7"/>
						<line hits="0" number="8"/>
						<line hits="0" number="9"/>
						<line hits="0" number="10"/>
						<line hits="0" number="11"/>
						<line hits="0" number="12"/>
						<line hits="0" number="13"/>
						<line hits="0" number="14"/>
						<line hits="0" number="16"/>
						<line hits="0" number="17"/>
						<line hits="0" number="19"/>
						<line hits="0" number="22"/>
						<line hits="0" number="25"/>
						<line hits="0" number="26"/>
						<line hits="0" number="27"/>
						<line hits="0" number="31"/>
						<line hits="0" number="32"/>
						<line hits="0" number="34"/>
						<line hits="0" number="35"/>
						<line hits="0" number="36"/>
						<line hits="0" number="38"/>
						<line hits="0" number="41"/>
						<line hits="0" number="42"/>
						<line hits="0" number="44"/>
						<line hits="0" number="47"/>
						<line hits="0" number="51"/>
						<line hits="0" number="52"/>
						<line hits="0" number="53"/>
						<line hits="0" number="55"/>
						<line hits="0" number="56"/>
						<line hits="0" number="59"/>
						<line hits="0" number="60"/>
						<line hits="0" number="62"/>
						<line hits="0" number="64"/>
						<line hits="0" number="65"/>
						<line hits="0" number="68"/>
						<line hits="0" number="69"/>
						<line hits="0" number="70"/>
						<line hits="0" number="72"/>
						<line hits="0" number="73"/>
						<line hits="0" number="74"/>
						<line hits="0" number="76"/>
						<line hits="0" number="77"/>
						<line hits="0" number="78"/>
						<line hits="0" number="81"/>
						<line hits="0" number="85"/>
						<line hits="0" number="86"/>
						<line hits="0" number="87"/>
						<line hits="0" number="88"/>
						<line hits="0" number="90"/>
						<line hits="0" number="91"/>
						<line branch="true" condition-coverage="0% (0/2)" hits="0" missing-branches="94,97" number="93"/>
						<line branch="true" condition-coverage="0% (0/2)" hits="0" missing-branches="95,97" number="94"/>
						<line hits="0" number="95"/>
						<line branch="true" condition-coverage="0% (0/2)" hits="0" missing-branches="98,101" number="97"/>
						<line branch="true" condition-coverage="0% (0/2)" hits="0" missing-branches="99,101" number="98"/>
						<line hits="0" number="99"/>
						<line branch="true" condition-coverage="0% (0/2)" hits="0" missing-branches="exit,102" number="101"/>
						<line hits="0" number="102"/>
						<line hits="0" number="103"/>
						<line hits="0" number="104"/>
						<line hits="0" number="105"/>
						<line hits="0" number="106"/>
						<line hits="0" number="109"/>
						<line hits="0" number="110"/>
						<line hits="0" number="111"/>
						<line hits="0" number="112"/>
						<line branch="true" condition-coverage="0% (0/2)" hits="0" missing-branches="115,118" number="114"/>
						<line hits="0" number="115"/>
						<line hits="0" number="116"/>
						<line hits="0" number="117"/>
						<line hits="0" number="118"/>
						<line branch="true" condition-coverage="0% (0/2)" hits="0" missing-branches="122,127" number="121"/>
						<line hits="0" number="122"/>
						<line hits="0" number="123"/>
						<line hits="0" number="124"/>
						<line hits="0" number="127"/>
						<line branch="true" condition-coverage="0% (0/2)" hits="0" missing-branches="129,133" number="128"/>
						<line hits="0" number="129"/>
						<line hits="0" number="130"/>
						<line hits="0" number="131"/>
						<line hits="0" number="133"/>
						<line branch="true" condition-coverage="0% (0/2)" hits="0" missing-branches="135,138" number="134"/>
						<line hits="0" number="135"/>
						<line hits="0" number="136"/>
						<line hits="0" number="137"/>
						<line hits="0" number="138"/>
						<line hits="0" number="139"/>
						<line hits="0" number="141"/>
					</lines>
				</class>
				<class branch-rate="0" complexity="0" filename="wgat_conv.py" line-rate="0" name="wgat_conv.py">
					<methods/>
					<lines>
						<line hits="0" number="1"/>
						<line hits="0" number="2"/>
						<line hits="0" number="3"/>
						<line hits="0" number="4"/>
						<line hits="0" number="5"/>
						<line hits="0" number="7"/>
						<line hits="0" number="8"/>
						<line hits="0" number="11"/>
						<line hits="0" number="12"/>
						<line hits="0" number="14"/>
						<line hits="0" number="15"/>
						<line hits="0" number="16"/>
						<line hits="0" number="17"/>
						<line hits="0" number="19"/>
						<line hits="0" number="20"/>
						<line hits="0" number="21"/>
						<line hits="0" number="23"/>
						<line hits="0" number="26"/>
						<line hits="0" number="36"/>
						<line hits="0" number="41"/>
						<line hits="0" number="43"/>
						<line hits="0" number="44"/>
						<line hits="0" number="46"/>
						<line branch="true" condition-coverage="0% (0/2)" hits="0" missing-branches="50,52" number="49"/>
						<line hits="0" number="50"/>
						<line hits="0" number="52"/>
						<line hits="0" number="54"/>
						<line hits="0" number="56"/>
						<line hits="0" number="57"/>
						<line hits="0" number="58"/>
						<line hits="0" number="59"/>
						<line hits="0" number="61"/>
						<line hits="0" number="65"/>
						<line hits="0" number="66"/>
						<line hits="0" number="67"/>
						<line hits="0" number="70"/>
						<line hits="0" number="73"/>
						<line hits="0" number="76"/>
						<line hits="0" number="79"/>
						<line hits="0" number="80"/>
						<line hits="0" number="81"/>
						<line branch="true" condition-coverage="0% (0/2)" hits="0" missing-branches="85,87" number="84"/>
						<line hits="0" number="85"/>
						<line hits="0" number="87"/>
						<line hits="0" number="89"/>
						<line hits="0" number="90"/>
					</lines>
				</class>
			</classes>
		</package>
		<package branch-rate="0" complexity="0" line-rate="0" name="tools">
			<classes>
				<class branch-rate="0" complexity="0" filename="tools/AtomicFeature.py" line-rate="0" name="AtomicFeature.py">
					<methods/>
					<lines>
						<line hits="0" number="1"/>
						<line hits="0" number="2"/>
						<line hits="0" number="4"/>
						<line hits="0" number="5"/>
						<line hits="0" number="8"/>
						<line hits="0" number="10"/>
						<line hits="0" number="66"/>
						<line hits="0" number="69"/>
						<line hits="0" number="70"/>
						<line hits="0" number="71"/>
						<line hits="0" number="72"/>
						<line hits="0" number="73"/>
						<line hits="0" number="74"/>
						<line hits="0" number="75"/>
						<line hits="0" number="78"/>
						<line hits="0" number="79"/>
						<line hits="0" number="82"/>
						<line hits="0" number="85"/>
						<line hits="0" number="88"/>
						<line branch="true" condition-coverage="0% (0/2)" hits="0" missing-branches="91,93" number="90"/>
						<line hits="0" number="91"/>
						<line hits="0" number="93"/>
						<line hits="0" number="96"/>
						<line hits="0" number="99"/>
						<line hits="0" number="107"/>
						<line hits="0" number="118"/>
						<line hits="0" number="119"/>
						<line hits="0" number="120"/>
						<line hits="0" number="123"/>
						<line hits="0" number="124"/>
						<line hits="0" number="125"/>
						<line branch="true" condition-coverage="0% (0/2)" hits="0" missing-branches="131,152" number="128"/>
						<line hits="0" number="131"/>
						<line hits="0" number="134"/>
						<line hits="0" number="137"/>
						<line hits="0" number="138"/>
						<line hits="0" number="141"/>
						<line hits="0" number="144"/>
						<line hits="0" number="147"/>
						<line hits="0" number="150"/>
						<line hits="0" number="152"/>
						<line hits="0" number="154"/>
						<line hits="0" number="164"/>
						<line hits="0" number="165"/>
						<line hits="0" number="166"/>
						<line hits="0" number="168"/>
						<line branch="true" condition-coverage="0% (0/2)" hits="0" missing-branches="exit,173" number="170"/>
						<line branch="true" condition-coverage="0% (0/2)" hits="0" missing-branches="170,175" number="173"/>
						<line hits="0" number="175"/>
						<line hits="0" number="178"/>
						<line hits="0" number="179"/>
						<line hits="0" number="180"/>
						<line hits="0" number="183"/>
						<line branch="true" condition-coverage="0% (0/2)" hits="0" missing-branches="170,185" number="184"/>
						<line hits="0" number="185"/>
						<line hits="0" number="186"/>
						<line hits="0" number="189"/>
						<line hits="0" number="205"/>
						<line hits="0" number="206"/>
						<line hits="0" number="207"/>
						<line hits="0" number="209"/>
						<line branch="true" condition-coverage="0% (0/2)" hits="0" missing-branches="exit,214" number="211"/>
						<line hits="0" number="214"/>
						<line branch="true" condition-coverage="0% (0/2)" hits="0" missing-branches="218,221" number="217"/>
						<line hits="0" number="218"/>
						<line branch="true" condition-coverage="0% (0/2)" hits="0" missing-branches="222,224" number="221"/>
						<line hits="0" number="222"/>
						<line hits="0" number="224"/>
						<line hits="0" number="226"/>
						<line hits="0" number="233"/>
						<line hits="0" number="234"/>
						<line hits="0" number="237"/>
						<line hits="0" number="240"/>
						<line hits="0" number="241"/>
						<line hits="0" number="244"/>
						<line hits="0" number="245"/>
						<line hits="0" number="249"/>
						<line branch="true" condition-coverage="0% (0/2)" hits="0" missing-branches="254,271" number="251"/>
						<line hits="0" number="254"/>
						<line branch="true" condition-coverage="0% (0/2)" hits="0" missing-branches="251,262" number="258"/>
						<line hits="0" number="262"/>
						<line branch="true" condition-coverage="0% (0/2)" hits="0" missing-branches="exit,267" number="263"/>
						<line branch="true" condition-coverage="0% (0/2)" hits="0" missing-branches="exit,251" number="267"/>
						<line hits="0" number="271"/>
						<line hits="0" number="272"/>
						<line branch="true" condition-coverage="0% (0/2)" hits="0" missing-branches="exit,276" number="275"/>
						<line hits="0" number="276"/>
						<line hits="0" number="278"/>
						<line hits="0" number="282"/>
						<line hits="0" number="284"/>
						<line branch="true" condition-coverage="0% (0/2)" hits="0" missing-branches="exit,289" number="288"/>
						<line branch="true" condition-coverage="0% (0/2)" hits="0" missing-branches="exit,292" number="289"/>
						<line hits="0" number="292"/>
						<line hits="0" number="293"/>
						<line hits="0" number="296"/>
						<line branch="true" condition-coverage="0% (0/2)" hits="0" missing-branches="300,305" number="299"/>
						<line hits="0" number="300"/>
						<line hits="0" number="301"/>
						<line branch="true" condition-coverage="0% (0/2)" hits="0" missing-branches="306,311" number="305"/>
						<line hits="0" number="306"/>
						<line hits="0" number="307"/>
						<line hits="0" number="311"/>
						<line hits="0" number="312"/>
						<line hits="0" number="314"/>
						<line hits="0" number="322"/>
						<line branch="true" condition-coverage="0% (0/2)" hits="0" missing-branches="331,333" number="330"/>
[...]
						<line hits="0" number="1221"/>
						<line hits="0" number="1229"/>
						<line hits="0" number="1231"/>
						<line hits="0" number="1245"/>
						<line hits="0" number="1246"/>
						<line hits="0" number="1247"/>
						<line hits="0" number="1250"/>
						<line hits="0" number="1253"/>
						<line hits="0" number="1254"/>
						<line hits="0" number="1255"/>
						<line hits="0" number="1257"/>
						<line hits="0" number="1260"/>
						<line hits="0" number="1262"/>
						<line hits="0" number="1263"/>
						<line branch="true" condition-coverage="0% (0/2)" hits="0" missing-branches="1275,1278" number="1274"/>
						<line hits="0" number="1275"/>
						<line hits="0" number="1276"/>
						<line hits="0" number="1278"/>
					</lines>
				</class>
				<class branch-rate="1" complexity="0" filename="tools/__init__.py" line-rate="1" name="__init__.py">
					<methods/>
					<lines/>
				</class>
				<class branch-rate="0" complexity="0" filename="tools/atomic_data.py" line-rate="0" name="atomic_data.py">
					<methods/>
					<lines>
						<line hits="0" number="31"/>
						<line hits="0" number="79"/>
						<line hits="0" number="81"/>
						<line hits="0" number="82"/>
						<line hits="0" number="83"/>
						<line hits="0" number="86"/>
						<line hits="0" number="88"/>
						<line hits="0" number="90"/>
						<line hits="0" number="91"/>
						<line hits="0" number="93"/>
						<line hits="0" number="94"/>
						<line branch="true" condition-coverage="0% (0/2)" hits="0" missing-branches="96,97" number="95"/>
						<line hits="0" number="96"/>
						<line hits="0" number="97"/>
						<line hits="0" number="98"/>
						<line hits="0" number="101"/>
						<line hits="0" number="166"/>
						<line hits="0" number="167"/>
						<line hits="0" number="168"/>
						<line hits="0" number="169"/>
						<line hits="0" number="170"/>
						<line hits="0" number="171"/>
						<line hits="0" number="172"/>
						<line hits="0" number="174"/>
						<line hits="0" number="175"/>
						<line hits="0" number="177"/>
						<line hits="0" number="178"/>
						<line branch="true" condition-coverage="0% (0/2)" hits="0" missing-branches="180,183" number="179"/>
						<line branch="true" condition-coverage="0% (0/2)" hits="0" missing-branches="181,182" number="180"/>
						<line hits="0" number="181"/>
						<line hits="0" number="182"/>
						<line hits="0" number="183"/>
						<line hits="0" number="185"/>
						<line branch="true" condition-coverage="0% (0/2)" hits="0" missing-branches="187,190" number="186"/>
						<line hits="0" number="187"/>
						<line hits="0" number="188"/>
						<line hits="0" number="190"/>
						<line hits="0" number="192"/>
						<line hits="0" number="194"/>
						<line hits="0" number="198"/>
						<line hits="0" number="214"/>
						<line hits="0" number="216"/>
						<line hits="0" number="219"/>
						<line hits="0" number="220"/>
						<line branch="true" condition-coverage="0% (0/2)" hits="0" missing-branches="222,225" number="221"/>
						<line branch="true" condition-coverage="0% (0/2)" hits="0" missing-branches="221,223" number="222"/>
						<line hits="0" number="223"/>
						<line hits="0" number="224"/>
						<line hits="0" number="225"/>
						<line hits="0" number="227"/>
						<line hits="0" number="230"/>
						<line hits="0" number="232"/>
						<line branch="true" condition-coverage="0% (0/2)" hits="0" missing-branches="exit,exit" number="235"/>
						<line hits="0" number="237"/>
						<line hits="0" number="240"/>
						<line branch="true" condition-coverage="0% (0/2)" hits="0" missing-branches="242,244" number="241"/>
						<line hits="0" number="242"/>
						<line hits="0" number="243"/>
						<line branch="true" condition-coverage="0% (0/2)" hits="0" missing-branches="245,246" number="244"/>
						<line hits="0" number="245"/>
						<line hits="0" number="246"/>
						<line hits="0" number="248"/>
						<line hits="0" number="251"/>
						<line branch="true" condition-coverage="0% (0/2)" hits="0" missing-branches="253,254" number="252"/>
						<line hits="0" number="253"/>
						<line branch="true" condition-coverage="0% (0/2)" hits="0" missing-branches="exit,exit" number="254"/>
						<line hits="0" number="256"/>
						<line hits="0" number="259"/>
						<line hits="0" number="261"/>
						<line hits="0" number="263"/>
						<line hits="0" number="264"/>
						<line hits="0" number="265"/>
						<line hits="0" number="266"/>
						<line branch="true" condition-coverage="0% (0/2)" hits="0" missing-branches="269,271" number="268"/>
						<line hits="0" number="269"/>
						<line branch="true" condition-coverage="0% (0/2)" hits="0" missing-branches="272,275" number="271"/>
						<line hits="0" number="272"/>
						<line branch="true" condition-coverage="0% (0/2)" hits="0" missing-branches="276,283" number="275"/>
						<line hits="0" number="276"/>
						<line branch="true" condition-coverage="0% (0/2)" hits="0" missing-branches="278,283" number="277"/>
						<line branch="true" condition-coverage="0% (0/2)" hits="0" missing-branches="279,281" number="278"/>
						<line hits="0" number="279"/>
						<line hits="0" number="281"/>
						<line hits="0" number="283"/>
						<line hits="0" number="284"/>
						<line branch="true" condition-coverage="0% (0/2)" hits="0" missing-branches="286,288" number="285"/>
						<line hits="0" number="286"/>
						<line hits="0" number="287"/>
						<line branch="true" condition-coverage="0% (0/2)" hits="0" missing-branches="289,292" number="288"/>
						<line hits="0" number="289"/>
						<line branch="true" condition-coverage="0% (0/2)" hits="0" missing-branches="exit,293" number="292"/>
						<line hits="0" number="293"/>
						<line hits="0" number="297"/>
						<line hits="0" number="299"/>
						<line hits="0" number="301"/>
						<line hits="0" number="302"/>
						<line hits="0" number="303"/>
						<line hits="0" number="304"/>
						<line hits="0" number="306"/>
						<line hits="0" number="307"/>
						<line hits="0" number="310"/>
						<line hits="0" number="311"/>
						<line hits="0" number="315"/>
						<line hits="0" number="317"/>
						<line hits="0" number="318"/>
						<line hits="0" number="319"/>
						<line branch="true" condition-coverage="0% (0/2)" hits="0" missing-branches="exit,321" number="320"/>
						<line branch="true" condition-coverage="0% (0/2)" hits="0" missing-branches="322,323" number="321"/>
						<line hits="0" number="322"/>
						<line branch="true" condition-coverage="0% (0/2)" hits="0" missing-branches="324,326" number="323"/>
						<line hits="0" number="324"/>
						<line hits="0" number="326"/>
						<line hits="0" number="327"/>
						<line hits="0" number="328"/>
						<line hits="0" number="329"/>
						<line hits="0" number="331"/>
						<line branch="true" condition-coverage="0% (0/2)" hits="0" missing-branches="exit,exit" number="332"/>
						<line hits="0" number="334"/>
						<line hits="0" number="335"/>
						<line hits="0" number="337"/>
						<line hits="0" number="338"/>
						<line hits="0" number="340"/>
						<line hits="0" number="341"/>
						<line hits="0" number="343"/>
						<line hits="0" number="344"/>
						<line hits="0" number="345"/>
						<line hits="0" number="346"/>
						<line hits="0" number="347"/>
						<line hits="0" number="348"/>
						<line hits="0" number="349"/>
						<line hits="0" number="350"/>
						<line hits="0" number="351"/>
						<line hits="0" number="354"/>
						<line hits="0" number="1722"/>
						<line hits="0" number="1724"/>
						<line hits="0" number="1726"/>
						<line hits="0" number="1746"/>
						<line hits="0" number="1759"/>
						<line hits="0" number="1761"/>
						<line hits="0" number="1762"/>
						<line hits="0" number="1767"/>
						<line hits="0" number="1773"/>
						<line hits="0" number="1776"/>
						<line hits="0" number="1781"/>
						<line hits="0" number="1789"/>
						<line hits="0" number="1796"/>
						<line hits="0" number="1804"/>
						<line hits="0" number="1813"/>
						<line hits="0" number="1820"/>
						<line hits="0" number="1827"/>
						<line hits="0" number="1832"/>
						<line hits="0" number="1840"/>
						<line hits="0" number="1847"/>
						<line hits="0" number="1853"/>
						<line hits="0" number="1857"/>
						<line hits="0" number="1862"/>
						<line hits="0" number="1868"/>
						<line hits="0" number="1872"/>
						<line hits="0" number="1878"/>
						<line hits="0" number="1882"/>
						<line hits="0" number="1887"/>
						<line hits="0" number="1892"/>
						<line hits="0" number="1909"/>
						<line hits="0" number="1912"/>
						<line hits="0" number="1916"/>
						<line hits="0" number="1923"/>
						<line hits="0" number="1930"/>
						<line hits="0" number="1933"/>
						<line hits="0" number="1938"/>
						<line hits="0" number="1943"/>
						<line hits="0" number="1950"/>
						<line hits="0" number="1955"/>
						<line hits="0" number="1960"/>
						<line hits="0" number="1964"/>
						<line hits="0" number="1969"/>
						<line hits="0" number="1978"/>
						<line hits="0" number="1985"/>
						<line hits="0" number="1990"/>
						<line hits="0" number="1996"/>
						<line hits="0" number="2001"/>
						<line hits="0" number="2007"/>
						<line hits="0" number="2021"/>
						<line hits="0" number="2029"/>
						<line hits="0" number="2034"/>
						<line hits="0" number="2039"/>
						<line hits="0" number="2044"/>
						<line hits="0" number="2048"/>
						<line hits="0" number="2053"/>
						<line hits="0" number="2058"/>
						<line hits="0" number="2063"/>
						<line hits="0" number="2069"/>
						<line hits="0" number="2074"/>
						<line hits="0" number="2081"/>
						<line hits="0" number="2088"/>
						<line hits="0" number="2104"/>
						<line hits="0" number="2109"/>
						<line hits="0" number="2119"/>
						<line hits="0" number="2125"/>
						<line hits="0" number="2130"/>
						<line hits="0" number="2147"/>
						<line hits="0" number="2156"/>
						<line hits="0" number="2166"/>
						<line hits="0" number="2170"/>
						<line hits="0" number="2176"/>
						<line hits="0" number="2180"/>
						<line hits="0" number="2191"/>
						<line hits="0" number="2206"/>
						<line hits="0" number="2212"/>
						<line hits="0" number="2217"/>
						<line hits="0" number="2221"/>
						<line hits="0" number="2233"/>
						<line hits="0" number="2238"/>
						<line hits="0" number="2244"/>
						<line hits="0" number="2249"/>
						<line hits="0" number="2253"/>
						<line hits="0" number="2256"/>
						<line hits="0" number="2270"/>
						<line hits="0" number="2286"/>
						<line hits="0" number="2297"/>
						<line hits="0" number="2303"/>
						<line hits="0" number="2315"/>
						<line hits="0" number="2320"/>
						<line hits="0" number="2327"/>
						<line hits="0" number="2333"/>
						<line hits="0" number="2339"/>
						<line hits="0" number="2347"/>
						<line hits="0" number="2352"/>
						<line hits="0" number="2357"/>
						<line hits="0" number="2365"/>
						<line hits="0" number="2371"/>
						<line hits="0" number="2377"/>
						<line hits="0" number="2382"/>
						<line hits="0" number="2389"/>
						<line hits="0" number="2398"/>
						<line hits="0" number="2404"/>
						<line hits="0" number="2410"/>
						<line hits="0" number="2416"/>
						<line hits="0" number="2423"/>
						<line hits="0" number="2433"/>
						<line hits="0" number="2439"/>
						<line hits="0" number="2446"/>
						<line hits="0" number="2452"/>
						<line hits="0" number="2464"/>
						<line hits="0" number="2470"/>
						<line hits="0" number="2474"/>
						<line hits="0" number="2479"/>
						<line hits="0" number="2484"/>
						<line hits="0" number="2488"/>
						<line hits="0" number="2494"/>
						<line hits="0" number="2497"/>
						<line hits="0" number="2512"/>
						<line branch="true" condition-coverage="0% (0/2)" hits="0" missing-branches="2585,2588" number="2584"/>
						<line hits="0" number="2585"/>
						<line branch="true" condition-coverage="0% (0/2)" hits="0" missing-branches="2589,2592" number="2588"/>
						<line hits="0" number="2589"/>
						<line branch="true" condition-coverage="0% (0/2)" hits="0" missing-branches="2593,2595" number="2592"/>
						<line hits="0" number="2593"/>
						<line branch="true" condition-coverage="0% (0/2)" hits="0" missing-branches="2596,2599" number="2595"/>
						<line hits="0" number="2596"/>
						<line branch="true" condition-coverage="0% (0/2)" hits="0" missing-branches="2600,2615" number="2599"/>
						<line hits="0" number="2600"/>
						<line branch="true" condition-coverage="0% (0/2)" hits="0" missing-branches="2616,2621" number="2615"/>
						<line branch="true" condition-coverage="0% (0/2)" hits="0" missing-branches="2615,2617" number="2616"/>
						<line hits="0" number="2617"/>
						<line branch="true" condition-coverage="0% (0/2)" hits="0" missing-branches="2622,2627" number="2621"/>
						<line branch="true" condition-coverage="0% (0/2)" hits="0" missing-branches="2621,2623" number="2622"/>
						<line hits="0" number="2623"/>
						<line branch="true" condition-coverage="0% (0/2)" hits="0" missing-branches="2628,2632" number="2627"/>
						<line branch="true" condition-coverage="0% (0/2)" hits="0" missing-branches="2627,2629" number="2628"/>
						<line hits="0" number="2629"/>
						<line hits="0" number="2632"/>
						<line hits="0" number="2635"/>
						<line branch="true" condition-coverage="0% (0/2)" hits="0" missing-branches="2638,2639" number="2637"/>
						<line hits="0" number="2638"/>
						<line hits="0" number="2639"/>
						<line hits="0" number="2640"/>
						<line hits="0" number="2641"/>
						<line branch="true" condition-coverage="0% (0/2)" hits="0" missing-branches="2643,2650" number="2642"/>
						<line hits="0" number="2643"/>
						<line branch="true" condition-coverage="0% (0/2)" hits="0" missing-branches="2645,2647" number="2644"/>
						<line hits="0" number="2645"/>
						<line hits="0" number="2647"/>
						<line hits="0" number="2648"/>
						<line hits="0" number="2649"/>
						<line branch="true" condition-coverage="0% (0/2)" hits="0" missing-branches="2651,2652" number="2650"/>
						<line hits="0" number="2651"/>
						<line hits="0" number="2652"/>
						<line branch="true" condition-coverage="0% (0/2)" hits="0" missing-branches="exit,2656" number="2655"/>
						<line branch="true" condition-coverage="0% (0/2)" hits="0" missing-branches="2657,2658" number="2656"/>
						<line hits="0" number="2657"/>
						<line hits="0" number="2658"/>
						<line hits="0" number="2659"/>
					</lines>
				</class>
				<class branch-rate="0" complexity="0" filename="tools/embedding.py" line-rate="0" name="embedding.py">
					<methods/>
					<lines>
						<line hits="0" number="1"/>
						<line hits="0" number="3"/>
						<line hits="0" number="4"/>
						<line hits="0" number="5"/>
						<line branch="true" condition-coverage="0% (0/2)" hits="0" missing-branches="8,10" number="7"/>
						<line hits="0" number="8"/>
						<line hits="0" number="9"/>
						<line branch="true" condition-coverage="0% (0/2)" hits="0" missing-branches="11,13" number="10"/>
						<line hits="0" number="11"/>
						<line hits="0" number="12"/>
						<line branch="true" condition-coverage="0% (0/2)" hits="0" missing-branches="14,16" number="13"/>
						<line hits="0" number="14"/>
						<line hits="0" number="15"/>
						<line hits="0" number="16"/>
					</lines>
				</class>
				<class branch-rate="0" complexity="0" filename="tools/psaia.py" line-rate="0" name="psaia.py">
					<methods/>
					<lines>
						<line hits="0" number="2"/>
						<line hits="0" number="40"/>
						<line hits="0" number="41"/>
						<line hits="0" number="42"/>
						<line hits="0" number="43"/>
						<line hits="0" number="45"/>
						<line branch="true" condition-coverage="0% (0/2)" hits="0" missing-branches="48,51" number="47"/>
						<line hits="0" number="48"/>
						<line hits="0" number="49"/>
						<line hits="0" number="51"/>
						<line hits="0" number="53"/>
						<line hits="0" number="54"/>
						<line hits="0" number="55"/>
						<line hits="0" number="56"/>
						<line hits="0" number="58"/>
						<line hits="0" number="63"/>
						<line hits="0" number="64"/>
						<line hits="0" number="65"/>
						<line hits="0" number="66"/>
						<line hits="0" number="67"/>
						<line hits="0" number="68"/>
						<line hits="0" number="69"/>
						<line hits="0" number="70"/>
						<line hits="0" number="71"/>
						<line hits="0" number="72"/>
						<line hits="0" number="73"/>
						<line hits="0" number="74"/>
						<line hits="0" number="75"/>
						<line hits="0" number="76"/>
						<line hits="0" number="77"/>
						<line hits="0" number="78"/>
						<line hits="0" number="79"/>
						<line hits="0" number="80"/>
						<line hits="0" number="81"/>
						<line hits="0" number="82"/>
						<line hits="0" number="105"/>
						<line hits="0" number="109"/>
						<line branch="true" condition-coverage="0% (0/2)" hits="0" missing-branches="111,113" number="110"/>
						<line hits="0" number="111"/>
						<line hits="0" number="112"/>
						<line hits="0" number="113"/>
						<line hits="0" number="116"/>
						<line hits="0" number="122"/>
						<line branch="true" condition-coverage="0% (0/2)" hits="0" missing-branches="124,126" number="123"/>
						<line hits="0" number="124"/>
						<line hits="0" number="125"/>
						<line hits="0" number="126"/>
						<line hits="0" number="127"/>
						<line hits="0" number="128"/>
						<line hits="0" number="129"/>
						<line hits="0" number="132"/>
						<line hits="0" number="133"/>
						<line hits="0" number="134"/>
						<line hits="0" number="136"/>
						<line branch="true" condition-coverage="0% (0/2)" hits="0" missing-branches="138,139" number="137"/>
						<line hits="0" number="138"/>
						<line hits="0" number="139"/>
						<line hits="0" number="140"/>
						<line hits="0" number="142"/>
						<line hits="0" number="143"/>
						<line hits="0" number="144"/>
						<line hits="0" number="145"/>
						<line hits="0" number="146"/>
						<line hits="0" number="147"/>
						<line branch="true" condition-coverage="0% (0/2)" hits="0" missing-branches="150,152" number="149"/>
						<line branch="true" condition-coverage="0% (0/2)" hits="0" missing-branches="151,152" number="150"/>
						<line hits="0" number="151"/>
						<line hits="0" number="152"/>
						<line hits="0" number="153"/>
						<line hits="0" number="159"/>
						<line hits="0" number="168"/>
						<line hits="0" number="169"/>
						<line hits="0" number="170"/>
						<line hits="0" number="171"/>
						<line branch="true" condition-coverage="0% (0/2)" hits="0" missing-branches="173,196" number="172"/>
						<line hits="0" number="173"/>
						<line hits="0" number="174"/>
						<line branch="true" condition-coverage="0% (0/2)" hits="0" missing-branches="176,188" number="175"/>
						<line hits="0" number="176"/>
						<line branch="true" condition-coverage="0% (0/2)" hits="0" missing-branches="178,179" number="177"/>
						<line hits="0" number="178"/>
						<line hits="0" number="179"/>
						<line hits="0" number="180"/>
						<line hits="0" number="181"/>
						<line hits="0" number="182"/>
						<line hits="0" number="183"/>
						<line hits="0" number="184"/>
						<line hits="0" number="185"/>
						<line hits="0" number="186"/>
						<line branch="true" condition-coverage="0% (0/2)" hits="0" missing-branches="172,189" number="188"/>
						<line hits="0" number="189"/>
						<line hits="0" number="191"/>
						<line hits="0" number="192"/>
						<line hits="0" number="193"/>
						<line hits="0" number="194"/>
						<line hits="0" number="195"/>
						<line hits="0" number="196"/>
						<line branch="true" condition-coverage="0% (0/2)" hits="0" missing-branches="exit,199" number="198"/>
						<line hits="0" number="199"/>
					</lines>
				</class>
			</classes>
		</package>
	</packages>
</coverage>
